#
# There is insufficient memory for the Java Runtime Environment to continue.
# Native memory allocation (mmap) failed to map 303562752 bytes for committing reserved memory.
# Possible reasons:
#   The system is out of physical RAM or swap space
#   In 32 bit mode, the process size limit was hit
# Possible solutions:
#   Reduce memory load on the system
#   Increase physical memory or swap space
#   Check if swap backing store is full
#   Use 64 bit Java on a 64 bit OS
#   Decrease Java heap size (-Xmx/-Xms)
#   Decrease number of Java threads
#   Decrease Java thread stack sizes (-Xss)
#   Set larger code cache with -XX:ReservedCodeCacheSize=
# This output file may be truncated or incomplete.
#
#  Out of Memory Error (os_linux.cpp:2627), pid=22341, tid=0x00007fa3ad019700
#
# JRE version: Java(TM) SE Runtime Environment (8.0_101-b13) (build 1.8.0_101-b13)
# Java VM: Java HotSpot(TM) 64-Bit Server VM (25.101-b13 mixed mode linux-amd64 compressed oops)
# Failed to write core dump. Core dumps have been disabled. To enable core dumping, try "ulimit -c unlimited" before starting Java again
#

---------------  T H R E A D  ---------------

Current thread (0x00007fa3c0077800):  VMThread [stack: 0x00007fa3acf19000,0x00007fa3ad01a000] [id=22352]

Stack: [0x00007fa3acf19000,0x00007fa3ad01a000],  sp=0x00007fa3ad018320,  free space=1020k
Native frames: (J=compiled Java code, j=interpreted, Vv=VM code, C=native code)
V  [libjvm.so+0xac3f0a]  VMError::report_and_die()+0x2ba
V  [libjvm.so+0x4fbf9b]  report_vm_out_of_memory(char const*, int, unsigned long, VMErrorType, char const*)+0x8b
V  [libjvm.so+0x9222d3]  os::Linux::commit_memory_impl(char*, unsigned long, bool)+0x103
V  [libjvm.so+0x922829]  os::pd_commit_memory(char*, unsigned long, unsigned long, bool)+0x29
V  [libjvm.so+0x91cb2a]  os::commit_memory(char*, unsigned long, unsigned long, bool)+0x2a
V  [libjvm.so+0x991053]  PSVirtualSpace::expand_by(unsigned long)+0x53
V  [libjvm.so+0x981920]  PSOldGen::expand(unsigned long)+0x170
V  [libjvm.so+0x981b2b]  PSOldGen::resize(unsigned long)+0x1cb
V  [libjvm.so+0x989821]  PSParallelCompact::invoke_no_policy(bool)+0x991
V  [libjvm.so+0x98f17d]  PSScavenge::invoke()+0x1ad
V  [libjvm.so+0x945fc0]  ParallelScavengeHeap::failed_mem_allocate(unsigned long)+0x70
V  [libjvm.so+0xac5927]  VM_ParallelGCFailedAllocation::doit()+0x97
V  [libjvm.so+0xacd405]  VM_Operation::evaluate()+0x55
V  [libjvm.so+0xacb7da]  VMThread::evaluate_operation(VM_Operation*)+0xba
V  [libjvm.so+0xacbb5e]  VMThread::loop()+0x1ce
V  [libjvm.so+0xacbfd0]  VMThread::run()+0x70
V  [libjvm.so+0x924698]  java_start(Thread*)+0x108

VM_Operation (0x00007fa3c44e9620): ParallelGCFailedAllocation, mode: safepoint, requested by thread 0x00007fa3c0009800


---------------  P R O C E S S  ---------------

Java Threads: ( => current thread )
  0x00007fa3c00ef000 JavaThread "Service Thread" daemon [_thread_blocked, id=22359, stack(0x00007fa3ac3ca000,0x00007fa3ac4cb000)]
  0x00007fa3c00e4000 JavaThread "C1 CompilerThread2" daemon [_thread_blocked, id=22358, stack(0x00007fa3ac4cb000,0x00007fa3ac5cc000)]
  0x00007fa3c00d2800 JavaThread "C2 CompilerThread1" daemon [_thread_blocked, id=22357, stack(0x00007fa3ac5cc000,0x00007fa3ac6cd000)]
  0x00007fa3c00cf800 JavaThread "C2 CompilerThread0" daemon [_thread_blocked, id=22356, stack(0x00007fa3ac6cd000,0x00007fa3ac7ce000)]
  0x00007fa3c00c5800 JavaThread "Signal Dispatcher" daemon [_thread_blocked, id=22355, stack(0x00007fa3ac7ce000,0x00007fa3ac8cf000)]
  0x00007fa3c0083800 JavaThread "Finalizer" daemon [_thread_blocked, id=22354, stack(0x00007fa3acd17000,0x00007fa3ace18000)]
  0x00007fa3c007f000 JavaThread "Reference Handler" daemon [_thread_blocked, id=22353, stack(0x00007fa3ace18000,0x00007fa3acf19000)]
  0x00007fa3c0009800 JavaThread "main" [_thread_blocked, id=22347, stack(0x00007fa3c43ea000,0x00007fa3c44eb000)]

Other Threads:
=>0x00007fa3c0077800 VMThread [stack: 0x00007fa3acf19000,0x00007fa3ad01a000] [id=22352]
  0x00007fa3c00f4000 WatcherThread [stack: 0x00007fa3ac2c9000,0x00007fa3ac3ca000] [id=22360]

VM state:at safepoint (normal execution)

VM Mutex/Monitor currently owned by a thread:  ([mutex/lock_event])
[0x00007fa3c0005830] ExpandHeap_lock - owner thread: 0x00007fa3c0077800
[0x00007fa3c0005eb0] Threads_lock - owner thread: 0x00007fa3c0077800
[0x00007fa3c00063b0] Heap_lock - owner thread: 0x00007fa3c0009800

Heap:
 PSYoungGen      total 637952K, used 5005K [0x000000076df80000, 0x00000007a7b00000, 0x00000007c0000000)
  eden space 457216K, 0% used [0x000000076df80000,0x000000076df80000,0x0000000789e00000)
  from space 180736K, 2% used [0x0000000789e00000,0x000000078a2e3650,0x0000000794e80000)
  to   space 182272K, 0% used [0x000000079c900000,0x000000079c900000,0x00000007a7b00000)
 ParOldGen       total 532480K, used 532095K [0x00000006c9e00000, 0x00000006ea600000, 0x000000076df80000)
  object space 532480K, 99% used [0x00000006c9e00000,0x00000006ea59fed0,0x00000006ea600000)
 Metaspace       used 3442K, capacity 4566K, committed 4864K, reserved 1056768K
  class space    used 386K, capacity 390K, committed 512K, reserved 1048576K

Card table byte_map: [0x00007fa3afa20000,0x00007fa3b01d2000] byte_map_base: 0x00007fa3ac3d1000

Marking Bits: (ParMarkBitMap*) 0x00007fa3c57b5120
 Begin Bits: [0x00007fa3884f0000, 0x00007fa38c278000)
 End Bits:   [0x00007fa38c278000, 0x00007fa390000000)

Polling page: 0x00007fa3c5810000

CodeCache: size=245760Kb used=1792Kb max_used=1804Kb free=243967Kb
 bounds [0x00007fa3b0592000, 0x00007fa3b0802000, 0x00007fa3bf592000]
 total_blobs=475 nmethods=227 adapters=162
 compilation: enabled

Compilation events (10 events):
Event: 8.352 Thread 0x00007fa3c00e4000  223       3       MCTSThread::next (141 bytes)
Event: 8.354 Thread 0x00007fa3c00e4000 nmethod 223 0x00007fa3b073e3d0 code [0x00007fa3b073e6c0, 0x00007fa3b073fb28]
Event: 9.186 Thread 0x00007fa3c00cf800  224 %     4       MCTSThread::backpropagate @ 3 (32 bytes)
Event: 9.188 Thread 0x00007fa3c00cf800 nmethod 224% 0x00007fa3b073b890 code [0x00007fa3b073b9e0, 0x00007fa3b073baf8]
Event: 9.359 Thread 0x00007fa3c00e4000  225 %     3       MCTSThread::next @ 6 (141 bytes)
Event: 9.360 Thread 0x00007fa3c00e4000 nmethod 225% 0x00007fa3b0714850 code [0x00007fa3b0714a60, 0x00007fa3b0715148]
Event: 12.651 Thread 0x00007fa3c00d2800  226 %     4       MCTSThread::next @ 6 (141 bytes)
Event: 12.677 Thread 0x00007fa3c00d2800 nmethod 226% 0x00007fa3b074b610 code [0x00007fa3b074b820, 0x00007fa3b074bfc0]
Event: 23.067 Thread 0x00007fa3c00cf800  227       4       java.util.HashMap$Node::<init> (26 bytes)
Event: 23.073 Thread 0x00007fa3c00cf800 nmethod 227 0x00007fa3b073e110 code [0x00007fa3b073e260, 0x00007fa3b073e2f8]

GC Heap History (10 events):
Event: 8.884 GC heap after
Heap after GC invocations=9 (full 1):
 PSYoungGen      total 450048K, used 64448K [0x000000076df80000, 0x0000000795800000, 0x00000007c0000000)
  eden space 385536K, 0% used [0x000000076df80000,0x000000076df80000,0x0000000785800000)
  from space 64512K, 99% used [0x0000000791900000,0x00000007957f0000,0x0000000795800000)
  to   space 90112K, 0% used [0x000000078a800000,0x000000078a800000,0x0000000790000000)
 ParOldGen       total 311296K, used 169115K [0x00000006c9e00000, 0x00000006dce00000, 0x000000076df80000)
  object space 311296K, 54% used [0x00000006c9e00000,0x00000006d4326d98,0x00000006dce00000)
 Metaspace       used 3442K, capacity 4566K, committed 4864K, reserved 1056768K
  class space    used 386K, capacity 390K, committed 512K, reserved 1048576K
}
Event: 11.106 GC heap before
{Heap before GC invocations=10 (full 1):
 PSYoungGen      total 450048K, used 449984K [0x000000076df80000, 0x0000000795800000, 0x00000007c0000000)
  eden space 385536K, 100% used [0x000000076df80000,0x0000000785800000,0x0000000785800000)
  from space 64512K, 99% used [0x0000000791900000,0x00000007957f0000,0x0000000795800000)
  to   space 90112K, 0% used [0x000000078a800000,0x000000078a800000,0x0000000790000000)
 ParOldGen       total 311296K, used 169115K [0x00000006c9e00000, 0x00000006dce00000, 0x000000076df80000)
  object space 311296K, 54% used [0x00000006c9e00000,0x00000006d4326d98,0x00000006dce00000)
 Metaspace       used 3442K, capacity 4566K, committed 4864K, reserved 1056768K
  class space    used 386K, capacity 390K, committed 512K, reserved 1048576K
Event: 11.385 GC heap after
Heap after GC invocations=10 (full 1):
 PSYoungGen      total 557568K, used 90089K [0x000000076df80000, 0x000000079d080000, 0x00000007c0000000)
  eden space 467456K, 0% used [0x000000076df80000,0x000000076df80000,0x000000078a800000)
  from space 90112K, 99% used [0x000000078a800000,0x000000078fffa640,0x0000000790000000)
  to   space 133120K, 0% used [0x0000000794e80000,0x0000000794e80000,0x000000079d080000)
 ParOldGen       total 311296K, used 241287K [0x00000006c9e00000, 0x00000006dce00000, 0x000000076df80000)
  object space 311296K, 77% used [0x00000006c9e00000,0x00000006d89a1f38,0x00000006dce00000)
 Metaspace       used 3442K, capacity 4566K, committed 4864K, reserved 1056768K
  class space    used 386K, capacity 390K, committed 512K, reserved 1048576K
}
Event: 15.101 GC heap before
{Heap before GC invocations=11 (full 1):
 PSYoungGen      total 557568K, used 557545K [0x000000076df80000, 0x000000079d080000, 0x00000007c0000000)
  eden space 467456K, 100% used [0x000000076df80000,0x000000078a800000,0x000000078a800000)
  from space 90112K, 99% used [0x000000078a800000,0x000000078fffa640,0x0000000790000000)
  to   space 133120K, 0% used [0x0000000794e80000,0x0000000794e80000,0x000000079d080000)
 ParOldGen       total 311296K, used 241287K [0x00000006c9e00000, 0x00000006dce00000, 0x000000076df80000)
  object space 311296K, 77% used [0x00000006c9e00000,0x00000006d89a1f38,0x00000006dce00000)
 Metaspace       used 3442K, capacity 4566K, committed 4864K, reserved 1056768K
  class space    used 386K, capacity 390K, committed 512K, reserved 1048576K
Event: 16.310 GC heap after
Heap after GC invocations=11 (full 1):
 PSYoungGen      total 590336K, used 133116K [0x000000076df80000, 0x00000007a9c00000, 0x00000007c0000000)
  eden space 457216K, 0% used [0x000000076df80000,0x000000076df80000,0x0000000789e00000)
  from space 133120K, 99% used [0x0000000794e80000,0x000000079d07f038,0x000000079d080000)
  to   space 180736K, 0% used [0x0000000789e00000,0x0000000789e00000,0x0000000794e80000)
 ParOldGen       total 314368K, used 313669K [0x00000006c9e00000, 0x00000006dd100000, 0x000000076df80000)
  object space 314368K, 99% used [0x00000006c9e00000,0x00000006dd051740,0x00000006dd100000)
 Metaspace       used 3442K, capacity 4566K, committed 4864K, reserved 1056768K
  class space    used 386K, capacity 390K, committed 512K, reserved 1048576K
}
Event: 16.320 GC heap before
{Heap before GC invocations=12 (full 2):
 PSYoungGen      total 590336K, used 133116K [0x000000076df80000, 0x00000007a9c00000, 0x00000007c0000000)
  eden space 457216K, 0% used [0x000000076df80000,0x000000076df80000,0x0000000789e00000)
  from space 133120K, 99% used [0x0000000794e80000,0x000000079d07f038,0x000000079d080000)
  to   space 180736K, 0% used [0x0000000789e00000,0x0000000789e00000,0x0000000794e80000)
 ParOldGen       total 314368K, used 313669K [0x00000006c9e00000, 0x00000006dd100000, 0x000000076df80000)
  object space 314368K, 99% used [0x00000006c9e00000,0x00000006dd051740,0x00000006dd100000)
 Metaspace       used 3442K, capacity 4566K, committed 4864K, reserved 1056768K
  class space    used 386K, capacity 390K, committed 512K, reserved 1048576K
Event: 18.987 GC heap after
Heap after GC invocations=12 (full 2):
 PSYoungGen      total 590336K, used 118154K [0x000000076df80000, 0x00000007a9c00000, 0x00000007c0000000)
  eden space 457216K, 0% used [0x000000076df80000,0x000000076df80000,0x0000000789e00000)
  from space 133120K, 88% used [0x0000000794e80000,0x000000079c1e2830,0x000000079d080000)
  to   space 180736K, 0% used [0x0000000789e00000,0x0000000789e00000,0x0000000794e80000)
 ParOldGen       total 532480K, used 313989K [0x00000006c9e00000, 0x00000006ea600000, 0x000000076df80000)
  object space 532480K, 58% used [0x00000006c9e00000,0x00000006dd0a1498,0x00000006ea600000)
 Metaspace       used 3442K, capacity 4566K, committed 4864K, reserved 1056768K
  class space    used 386K, capacity 390K, committed 512K, reserved 1048576K
}
Event: 23.100 GC heap before
{Heap before GC invocations=13 (full 2):
 PSYoungGen      total 590336K, used 575370K [0x000000076df80000, 0x00000007a9c00000, 0x00000007c0000000)
  eden space 457216K, 100% used [0x000000076df80000,0x0000000789e00000,0x0000000789e00000)
  from space 133120K, 88% used [0x0000000794e80000,0x000000079c1e2830,0x000000079d080000)
  to   space 180736K, 0% used [0x0000000789e00000,0x0000000789e00000,0x0000000794e80000)
 ParOldGen       total 532480K, used 313989K [0x00000006c9e00000, 0x00000006ea600000, 0x000000076df80000)
  object space 532480K, 58% used [0x00000006c9e00000,0x00000006dd0a1498,0x00000006ea600000)
 Metaspace       used 3442K, capacity 4566K, committed 4864K, reserved 1056768K
  class space    used 386K, capacity 390K, committed 512K, reserved 1048576K
Event: 23.604 GC heap after
Heap after GC invocations=13 (full 2):
 PSYoungGen      total 637952K, used 105463K [0x000000076df80000, 0x00000007a7b00000, 0x00000007c0000000)
  eden space 457216K, 0% used [0x000000076df80000,0x000000076df80000,0x0000000789e00000)
  from space 180736K, 58% used [0x0000000789e00000,0x00000007904fdda0,0x0000000794e80000)
  to   space 182272K, 0% used [0x000000079c900000,0x000000079c900000,0x00000007a7b00000)
 ParOldGen       total 532480K, used 432308K [0x00000006c9e00000, 0x00000006ea600000, 0x000000076df80000)
  object space 532480K, 81% used [0x00000006c9e00000,0x00000006e442d1c8,0x00000006ea600000)
 Metaspace       used 3442K, capacity 4566K, committed 4864K, reserved 1056768K
  class space    used 386K, capacity 390K, committed 512K, reserved 1048576K
}
Event: 23.607 GC heap before
{Heap before GC invocations=14 (full 3):
 PSYoungGen      total 637952K, used 105463K [0x000000076df80000, 0x00000007a7b00000, 0x00000007c0000000)
  eden space 457216K, 0% used [0x000000076df80000,0x000000076df80000,0x0000000789e00000)
  from space 180736K, 58% used [0x0000000789e00000,0x00000007904fdda0,0x0000000794e80000)
  to   space 182272K, 0% used [0x000000079c900000,0x000000079c900000,0x00000007a7b00000)
 ParOldGen       total 532480K, used 432308K [0x00000006c9e00000, 0x00000006ea600000, 0x000000076df80000)
  object space 532480K, 81% used [0x00000006c9e00000,0x00000006e442d1c8,0x00000006ea600000)
 Metaspace       used 3442K, capacity 4566K, committed 4864K, reserved 1056768K
  class space    used 386K, capacity 390K, committed 512K, reserved 1048576K

Deoptimization events (10 events):
Event: 2.730 Thread 0x00007fa3c0009800 Uncommon trap: reason=unstable_if action=reinterpret pc=0x00007fa3b06c1ac0 method=ChessBoard.checkWin(LChessBoard;LChessType;IIIIII)Z @ 27
Event: 2.752 Thread 0x00007fa3c0009800 Uncommon trap: reason=unstable_if action=reinterpret pc=0x00007fa3b06d790c method=ChessBoard.isWin(LChessBoard;LChessType;Ljava/awt/Point;)Z @ 68
Event: 2.753 Thread 0x00007fa3c0009800 Uncommon trap: reason=unstable_if action=reinterpret pc=0x00007fa3b06d5d80 method=ChessBoard.isWin(LChessBoard;LChessType;Ljava/awt/Point;)Z @ 68
Event: 2.839 Thread 0x00007fa3c0009800 Uncommon trap: reason=unstable_if action=reinterpret pc=0x00007fa3b06e54e8 method=java.awt.Point.equals(Ljava/lang/Object;)Z @ 20
Event: 3.169 Thread 0x00007fa3c0009800 Uncommon trap: reason=unstable_if action=reinterpret pc=0x00007fa3b071f21c method=java.util.HashMap$HashIterator.<init>(Ljava/util/HashMap;)V @ 75
Event: 3.355 Thread 0x00007fa3c0009800 Uncommon trap: reason=unstable_if action=reinterpret pc=0x00007fa3b06e9dec method=java.awt.Point.equals(Ljava/lang/Object;)Z @ 20
Event: 4.026 Thread 0x00007fa3c0009800 Uncommon trap: reason=unstable_if action=reinterpret pc=0x00007fa3b06ed6f4 method=ChessBoard.isWin(LChessBoard;LChessType;Ljava/awt/Point;)Z @ 101
Event: 4.280 Thread 0x00007fa3c0009800 Uncommon trap: reason=unstable_if action=reinterpret pc=0x00007fa3b0709000 method=java.util.HashMap.putVal(ILjava/lang/Object;Ljava/lang/Object;ZZ)Ljava/lang/Object; @ 162
Event: 4.280 Thread 0x00007fa3c0009800 Uncommon trap: reason=unstable_if action=reinterpret pc=0x00007fa3b072d8a8 method=java.util.HashMap.getNode(ILjava/lang/Object;)Ljava/util/HashMap$Node; @ 84
Event: 4.280 Thread 0x00007fa3c0009800 Uncommon trap: reason=unstable_if action=reinterpret pc=0x00007fa3b06f41ec method=java.util.HashMap.getNode(ILjava/lang/Object;)Ljava/util/HashMap$Node; @ 84

Internal exceptions (6 events):
Event: 0.046 Thread 0x00007fa3c0009800 Exception <a 'java/lang/NoSuchMethodError': Method sun.misc.Unsafe.defineClass(Ljava/lang/String;[BII)Ljava/lang/Class; name or signature does not match> (0x000000076df87cc0) thrown at [/HUDSON3/workspace/8-2-build-linux-amd64/jdk8u101/7261/hotspot/src/sh
Event: 0.046 Thread 0x00007fa3c0009800 Exception <a 'java/lang/NoSuchMethodError': Method sun.misc.Unsafe.prefetchRead(Ljava/lang/Object;J)V name or signature does not match> (0x000000076df87fa8) thrown at [/HUDSON3/workspace/8-2-build-linux-amd64/jdk8u101/7261/hotspot/src/share/vm/prims/jni.c
Event: 0.169 Thread 0x00007fa3c0009800 Exception <a 'java/security/PrivilegedActionException'> (0x000000076e054b78) thrown at [/HUDSON3/workspace/8-2-build-linux-amd64/jdk8u101/7261/hotspot/src/share/vm/prims/jvm.cpp, line 1386]
Event: 0.169 Thread 0x00007fa3c0009800 Exception <a 'java/security/PrivilegedActionException'> (0x000000076e054f70) thrown at [/HUDSON3/workspace/8-2-build-linux-amd64/jdk8u101/7261/hotspot/src/share/vm/prims/jvm.cpp, line 1386]
Event: 0.170 Thread 0x00007fa3c0009800 Exception <a 'java/security/PrivilegedActionException'> (0x000000076e057398) thrown at [/HUDSON3/workspace/8-2-build-linux-amd64/jdk8u101/7261/hotspot/src/share/vm/prims/jvm.cpp, line 1386]
Event: 0.170 Thread 0x00007fa3c0009800 Exception <a 'java/security/PrivilegedActionException'> (0x000000076e057790) thrown at [/HUDSON3/workspace/8-2-build-linux-amd64/jdk8u101/7261/hotspot/src/share/vm/prims/jvm.cpp, line 1386]

Events (10 events):
Event: 8.884 Executing VM operation: ParallelGCFailedAllocation done
Event: 9.351 Thread 0x00007fa3c0009800 DEOPT PACKING pc=0x00007fa3b0741ca8 sp=0x00007fa3c44e97a0
Event: 9.351 Thread 0x00007fa3c0009800 DEOPT UNPACKING pc=0x00007fa3b05d9633 sp=0x00007fa3c44e94e0 mode 0
Event: 11.106 Executing VM operation: ParallelGCFailedAllocation
Event: 11.387 Executing VM operation: ParallelGCFailedAllocation done
Event: 13.567 Thread 0x00007fa3c0009800 DEOPT PACKING pc=0x00007fa3b0714fac sp=0x00007fa3c44e97e0
Event: 13.567 Thread 0x00007fa3c0009800 DEOPT UNPACKING pc=0x00007fa3b05d9633 sp=0x00007fa3c44e9548 mode 0
Event: 15.098 Executing VM operation: ParallelGCFailedAllocation
Event: 18.987 Executing VM operation: ParallelGCFailedAllocation done
Event: 23.100 Executing VM operation: ParallelGCFailedAllocation


Dynamic libraries:
00400000-00401000 r-xp 00000000 08:13 402850                             /usr/lib/jdk1.8.0_101/bin/java
00600000-00602000 rw-p 00000000 08:13 402850                             /usr/lib/jdk1.8.0_101/bin/java
00e81000-00ea2000 rw-p 00000000 00:00 0                                  [heap]
6c9e00000-6ea600000 rw-p 00000000 00:00 0 
6fc780000-76df80000 ---p 00000000 00:00 0 
76df80000-7a7b00000 rw-p 00000000 00:00 0 
7a7b00000-7c0000000 ---p 00000000 00:00 0 
7c0000000-7c0080000 rw-p 00000000 00:00 0 
7c0080000-800000000 ---p 00000000 00:00 0 
39ec400000-39ec426000 r-xp 00000000 08:12 397104                         /lib/x86_64-linux-gnu/ld-2.23.so
39ec625000-39ec626000 r--p 00025000 08:12 397104                         /lib/x86_64-linux-gnu/ld-2.23.so
39ec626000-39ec627000 rw-p 00026000 08:12 397104                         /lib/x86_64-linux-gnu/ld-2.23.so
39ec627000-39ec628000 rw-p 00000000 00:00 0 
39ec800000-39ec9c0000 r-xp 00000000 08:12 397158                         /lib/x86_64-linux-gnu/libc-2.23.so
39ec9c0000-39ecbbf000 ---p 001c0000 08:12 397158                         /lib/x86_64-linux-gnu/libc-2.23.so
39ecbbf000-39ecbc3000 r--p 001bf000 08:12 397158                         /lib/x86_64-linux-gnu/libc-2.23.so
39ecbc3000-39ecbc5000 rw-p 001c3000 08:12 397158                         /lib/x86_64-linux-gnu/libc-2.23.so
39ecbc5000-39ecbc9000 rw-p 00000000 00:00 0 
39ecc00000-39ecc03000 r-xp 00000000 08:12 397162                         /lib/x86_64-linux-gnu/libdl-2.23.so
39ecc03000-39ece02000 ---p 00003000 08:12 397162                         /lib/x86_64-linux-gnu/libdl-2.23.so
39ece02000-39ece03000 r--p 00002000 08:12 397162                         /lib/x86_64-linux-gnu/libdl-2.23.so
39ece03000-39ece04000 rw-p 00003000 08:12 397162                         /lib/x86_64-linux-gnu/libdl-2.23.so
39ed000000-39ed018000 r-xp 00000000 08:12 397159                         /lib/x86_64-linux-gnu/libpthread-2.23.so
39ed018000-39ed217000 ---p 00018000 08:12 397159                         /lib/x86_64-linux-gnu/libpthread-2.23.so
39ed217000-39ed218000 r--p 00017000 08:12 397159                         /lib/x86_64-linux-gnu/libpthread-2.23.so
39ed218000-39ed219000 rw-p 00018000 08:12 397159                         /lib/x86_64-linux-gnu/libpthread-2.23.so
39ed219000-39ed21d000 rw-p 00000000 00:00 0 
39ed400000-39ed415000 r-xp 00000000 08:13 392549                         /usr/lib/jdk1.8.0_101/lib/amd64/jli/libjli.so
39ed415000-39ed615000 ---p 00015000 08:13 392549                         /usr/lib/jdk1.8.0_101/lib/amd64/jli/libjli.so
39ed615000-39ed616000 rw-p 00015000 08:13 392549                         /usr/lib/jdk1.8.0_101/lib/amd64/jli/libjli.so
39ef000000-39ef007000 r-xp 00000000 08:12 396950                         /lib/x86_64-linux-gnu/librt-2.23.so
39ef007000-39ef206000 ---p 00007000 08:12 396950                         /lib/x86_64-linux-gnu/librt-2.23.so
39ef206000-39ef207000 r--p 00006000 08:12 396950                         /lib/x86_64-linux-gnu/librt-2.23.so
39ef207000-39ef208000 rw-p 00007000 08:12 396950                         /lib/x86_64-linux-gnu/librt-2.23.so
3a07600000-3a07616000 r-xp 00000000 08:12 397176                         /lib/x86_64-linux-gnu/libnsl-2.23.so
3a07616000-3a07815000 ---p 00016000 08:12 397176                         /lib/x86_64-linux-gnu/libnsl-2.23.so
3a07815000-3a07816000 r--p 00015000 08:12 397176                         /lib/x86_64-linux-gnu/libnsl-2.23.so
3a07816000-3a07817000 rw-p 00016000 08:12 397176                         /lib/x86_64-linux-gnu/libnsl-2.23.so
3a07817000-3a07819000 rw-p 00000000 00:00 0 
7fa364000000-7fa364021000 rw-p 00000000 00:00 0 
7fa364021000-7fa368000000 ---p 00000000 00:00 0 
7fa36c000000-7fa36c100000 rw-p 00000000 00:00 0 
7fa36c100000-7fa370000000 ---p 00000000 00:00 0 
7fa370000000-7fa370021000 rw-p 00000000 00:00 0 
7fa370021000-7fa374000000 ---p 00000000 00:00 0 
7fa374000000-7fa374610000 rw-p 00000000 00:00 0 
7fa374610000-7fa378000000 ---p 00000000 00:00 0 
7fa378000000-7fa378548000 rw-p 00000000 00:00 0 
7fa378548000-7fa37c000000 ---p 00000000 00:00 0 
7fa37c000000-7fa37c021000 rw-p 00000000 00:00 0 
7fa37c021000-7fa380000000 ---p 00000000 00:00 0 
7fa380000000-7fa380021000 rw-p 00000000 00:00 0 
7fa380021000-7fa384000000 ---p 00000000 00:00 0 
7fa384000000-7fa384021000 rw-p 00000000 00:00 0 
7fa384021000-7fa388000000 ---p 00000000 00:00 0 
7fa3884f0000-7fa390000000 rw-p 00000000 00:00 0 
7fa390000000-7fa390021000 rw-p 00000000 00:00 0 
7fa390021000-7fa394000000 ---p 00000000 00:00 0 
7fa394000000-7fa39428f000 rw-p 00000000 00:00 0 
7fa39428f000-7fa398000000 ---p 00000000 00:00 0 
7fa398000000-7fa398021000 rw-p 00000000 00:00 0 
7fa398021000-7fa39c000000 ---p 00000000 00:00 0 
7fa3a0000000-7fa3a0021000 rw-p 00000000 00:00 0 
7fa3a0021000-7fa3a4000000 ---p 00000000 00:00 0 
7fa3a8000000-7fa3a8021000 rw-p 00000000 00:00 0 
7fa3a8021000-7fa3ac000000 ---p 00000000 00:00 0 
7fa3ac2c9000-7fa3ac2ca000 ---p 00000000 00:00 0 
7fa3ac2ca000-7fa3ac3ca000 rw-p 00000000 00:00 0 
7fa3ac3ca000-7fa3ac3cd000 ---p 00000000 00:00 0 
7fa3ac3cd000-7fa3ac4cb000 rw-p 00000000 00:00 0 
7fa3ac4cb000-7fa3ac4ce000 ---p 00000000 00:00 0 
7fa3ac4ce000-7fa3ac5cc000 rw-p 00000000 00:00 0 
7fa3ac5cc000-7fa3ac5cf000 ---p 00000000 00:00 0 
7fa3ac5cf000-7fa3ac6cd000 rw-p 00000000 00:00 0 
7fa3ac6cd000-7fa3ac6d0000 ---p 00000000 00:00 0 
7fa3ac6d0000-7fa3ac7ce000 rw-p 00000000 00:00 0 
7fa3ac7ce000-7fa3ac7d1000 ---p 00000000 00:00 0 
7fa3ac7d1000-7fa3ac8cf000 rw-p 00000000 00:00 0 
7fa3ac8cf000-7fa3acd17000 r--p 00000000 08:13 397185                     /usr/lib/locale/locale-archive
7fa3acd17000-7fa3acd1a000 ---p 00000000 00:00 0 
7fa3acd1a000-7fa3ace18000 rw-p 00000000 00:00 0 
7fa3ace18000-7fa3ace1b000 ---p 00000000 00:00 0 
7fa3ace1b000-7fa3acf19000 rw-p 00000000 00:00 0 
7fa3acf19000-7fa3acf1a000 ---p 00000000 00:00 0 
7fa3acf1a000-7fa3adffc000 rw-p 00000000 00:00 0 
7fa3adffc000-7fa3ae1d5000 r--s 03d29000 08:13 427413                     /usr/lib/jdk1.8.0_101/jre/lib/rt.jar
7fa3ae1d5000-7fa3ae68b000 rw-p 00000000 00:00 0 
7fa3ae68b000-7fa3aea4b000 ---p 00000000 00:00 0 
7fa3aea4b000-7fa3af1fc000 rw-p 00000000 00:00 0 
7fa3af1fc000-7fa3af1fd000 ---p 00000000 00:00 0 
7fa3af1fd000-7fa3af2fd000 rw-p 00000000 00:00 0 
7fa3af2fd000-7fa3af2fe000 ---p 00000000 00:00 0 
7fa3af2fe000-7fa3af3fe000 rw-p 00000000 00:00 0 
7fa3af3fe000-7fa3af3ff000 ---p 00000000 00:00 0 
7fa3af3ff000-7fa3af603000 rw-p 00000000 00:00 0 
7fa3af603000-7fa3afa20000 ---p 00000000 00:00 0 
7fa3afa20000-7fa3afb24000 rw-p 00000000 00:00 0 
7fa3afb24000-7fa3aff40000 ---p 00000000 00:00 0 
7fa3aff40000-7fa3b010f000 rw-p 00000000 00:00 0 
7fa3b010f000-7fa3b01d1000 ---p 00000000 00:00 0 
7fa3b01d1000-7fa3b01dc000 rw-p 00000000 00:00 0 
7fa3b01dc000-7fa3b0592000 ---p 00000000 00:00 0 
7fa3b0592000-7fa3b0802000 rwxp 00000000 00:00 0 
7fa3b0802000-7fa3bf592000 ---p 00000000 00:00 0 
7fa3bf592000-7fa3bf5ac000 r-xp 00000000 08:13 427442                     /usr/lib/jdk1.8.0_101/jre/lib/amd64/libzip.so
7fa3bf5ac000-7fa3bf7ac000 ---p 0001a000 08:13 427442                     /usr/lib/jdk1.8.0_101/jre/lib/amd64/libzip.so
7fa3bf7ac000-7fa3bf7ad000 rw-p 0001a000 08:13 427442                     /usr/lib/jdk1.8.0_101/jre/lib/amd64/libzip.so
7fa3bf7ad000-7fa3bf7b8000 r-xp 00000000 08:12 397487                     /lib/x86_64-linux-gnu/libnss_files-2.23.so
7fa3bf7b8000-7fa3bf9b7000 ---p 0000b000 08:12 397487                     /lib/x86_64-linux-gnu/libnss_files-2.23.so
7fa3bf9b7000-7fa3bf9b8000 r--p 0000a000 08:12 397487                     /lib/x86_64-linux-gnu/libnss_files-2.23.so
7fa3bf9b8000-7fa3bf9b9000 rw-p 0000b000 08:12 397487                     /lib/x86_64-linux-gnu/libnss_files-2.23.so
7fa3bf9b9000-7fa3bf9bf000 rw-p 00000000 00:00 0 
7fa3bf9bf000-7fa3bf9ca000 r-xp 00000000 08:12 397497                     /lib/x86_64-linux-gnu/libnss_nis-2.23.so
7fa3bf9ca000-7fa3bfbc9000 ---p 0000b000 08:12 397497                     /lib/x86_64-linux-gnu/libnss_nis-2.23.so
7fa3bfbc9000-7fa3bfbca000 r--p 0000a000 08:12 397497                     /lib/x86_64-linux-gnu/libnss_nis-2.23.so
7fa3bfbca000-7fa3bfbcb000 rw-p 0000b000 08:12 397497                     /lib/x86_64-linux-gnu/libnss_nis-2.23.so
7fa3bfbcb000-7fa3bfbd3000 r-xp 00000000 08:12 397483                     /lib/x86_64-linux-gnu/libnss_compat-2.23.so
7fa3bfbd3000-7fa3bfdd2000 ---p 00008000 08:12 397483                     /lib/x86_64-linux-gnu/libnss_compat-2.23.so
7fa3bfdd2000-7fa3bfdd3000 r--p 00007000 08:12 397483                     /lib/x86_64-linux-gnu/libnss_compat-2.23.so
7fa3bfdd3000-7fa3bfdd4000 rw-p 00008000 08:12 397483                     /lib/x86_64-linux-gnu/libnss_compat-2.23.so
7fa3bfdd4000-7fa3bfdfe000 r-xp 00000000 08:13 427468                     /usr/lib/jdk1.8.0_101/jre/lib/amd64/libjava.so
7fa3bfdfe000-7fa3bfffe000 ---p 0002a000 08:13 427468                     /usr/lib/jdk1.8.0_101/jre/lib/amd64/libjava.so
7fa3bfffe000-7fa3c0000000 rw-p 0002a000 08:13 427468                     /usr/lib/jdk1.8.0_101/jre/lib/amd64/libjava.so
7fa3c0000000-7fa3c03dd000 rw-p 00000000 00:00 0 
7fa3c03dd000-7fa3c4000000 ---p 00000000 00:00 0 
7fa3c4005000-7fa3c400a000 r--s 002f9000 08:13 427405                     /usr/lib/jdk1.8.0_101/jre/lib/charsets.jar
7fa3c400a000-7fa3c40da000 rw-p 00000000 00:00 0 
7fa3c40da000-7fa3c40db000 ---p 00000000 00:00 0 
7fa3c40db000-7fa3c41db000 rw-p 00000000 00:00 0 
7fa3c41db000-7fa3c41e8000 r-xp 00000000 08:13 427422                     /usr/lib/jdk1.8.0_101/jre/lib/amd64/libverify.so
7fa3c41e8000-7fa3c43e8000 ---p 0000d000 08:13 427422                     /usr/lib/jdk1.8.0_101/jre/lib/amd64/libverify.so
7fa3c43e8000-7fa3c43ea000 rw-p 0000d000 08:13 427422                     /usr/lib/jdk1.8.0_101/jre/lib/amd64/libverify.so
7fa3c43ea000-7fa3c43ed000 ---p 00000000 00:00 0 
7fa3c43ed000-7fa3c44eb000 rw-p 00000000 00:00 0 
7fa3c44eb000-7fa3c45f3000 r-xp 00000000 08:12 397166                     /lib/x86_64-linux-gnu/libm-2.23.so
7fa3c45f3000-7fa3c47f2000 ---p 00108000 08:12 397166                     /lib/x86_64-linux-gnu/libm-2.23.so
7fa3c47f2000-7fa3c47f3000 r--p 00107000 08:12 397166                     /lib/x86_64-linux-gnu/libm-2.23.so
7fa3c47f3000-7fa3c47f4000 rw-p 00108000 08:12 397166                     /lib/x86_64-linux-gnu/libm-2.23.so
7fa3c47f4000-7fa3c54bf000 r-xp 00000000 08:13 427472                     /usr/lib/jdk1.8.0_101/jre/lib/amd64/server/libjvm.so
7fa3c54bf000-7fa3c56be000 ---p 00ccb000 08:13 427472                     /usr/lib/jdk1.8.0_101/jre/lib/amd64/server/libjvm.so
7fa3c56be000-7fa3c5797000 rw-p 00cca000 08:13 427472                     /usr/lib/jdk1.8.0_101/jre/lib/amd64/server/libjvm.so
7fa3c5797000-7fa3c5807000 rw-p 00000000 00:00 0 
7fa3c5807000-7fa3c580f000 rw-s 00000000 08:17 54                         /tmp/hsperfdata_fongxuan/22341
7fa3c580f000-7fa3c5810000 rw-p 00000000 00:00 0 
7fa3c5810000-7fa3c5811000 ---p 00000000 00:00 0 
7fa3c5811000-7fa3c5813000 rw-p 00000000 00:00 0 
7ffea4e44000-7ffea4e65000 rw-p 00000000 00:00 0                          [stack]
7ffea4f21000-7ffea4f23000 r--p 00000000 00:00 0                          [vvar]
7ffea4f23000-7ffea4f25000 r-xp 00000000 00:00 0                          [vdso]
ffffffffff600000-ffffffffff601000 r-xp 00000000 00:00 0                  [vsyscall]

VM Arguments:
jvm_args: -Dfile.encoding=MS950 
java_command: Main
java_class_path (initial): /home/fongxuan/Documents/CodeProjects/workspace/heheheGiveMeFive/MCST_FiveInARow/bin
Launcher Type: SUN_STANDARD

Environment Variables:
JAVA_HOME=/usr/lib/jdk1.8.0_101
JRE_HOME=/usr/lib/jdk1.8.0_101/jre
CLASSPATH=:.:/usr/lib/jdk1.8.0_101/lib:/usr/lib/jdk1.8.0_101/jre/lib
PATH=/usr/lib/jdk1.8.0_101/bin:/usr/lib/jdk1.8.0_101/jre/bin:/usr/local/sbin:/usr/local/bin:/usr/sbin:/usr/bin:/sbin:/bin:/usr/games:/usr/local/games
USERNAME=fongxuan
SHELL=/bin/bash
DISPLAY=:0

Signal Handlers:
SIGSEGV: [libjvm.so+0xac4790], sa_mask[0]=11111111011111111101111111111110, sa_flags=SA_RESTART|SA_SIGINFO
SIGBUS: [libjvm.so+0xac4790], sa_mask[0]=11111111011111111101111111111110, sa_flags=SA_RESTART|SA_SIGINFO
SIGFPE: [libjvm.so+0x91f140], sa_mask[0]=11111111011111111101111111111110, sa_flags=SA_RESTART|SA_SIGINFO
SIGPIPE: [libjvm.so+0x91f140], sa_mask[0]=11111111011111111101111111111110, sa_flags=SA_RESTART|SA_SIGINFO
SIGXFSZ: [libjvm.so+0x91f140], sa_mask[0]=11111111011111111101111111111110, sa_flags=SA_RESTART|SA_SIGINFO
SIGILL: [libjvm.so+0x91f140], sa_mask[0]=11111111011111111101111111111110, sa_flags=SA_RESTART|SA_SIGINFO
SIGUSR1: SIG_DFL, sa_mask[0]=00000000000000000000000000000000, sa_flags=none
SIGUSR2: [libjvm.so+0x920770], sa_mask[0]=00100000000000000000000000000000, sa_flags=SA_RESTART|SA_SIGINFO
SIGHUP: [libjvm.so+0x921b70], sa_mask[0]=11111111011111111101111111111110, sa_flags=SA_RESTART|SA_SIGINFO
SIGINT: [libjvm.so+0x921b70], sa_mask[0]=11111111011111111101111111111110, sa_flags=SA_RESTART|SA_SIGINFO
SIGTERM: [libjvm.so+0x921b70], sa_mask[0]=11111111011111111101111111111110, sa_flags=SA_RESTART|SA_SIGINFO
SIGQUIT: [libjvm.so+0x921b70], sa_mask[0]=11111111011111111101111111111110, sa_flags=SA_RESTART|SA_SIGINFO


---------------  S Y S T E M  ---------------

OS:DISTRIB_ID=LinuxMint
DISTRIB_RELEASE=18
DISTRIB_CODENAME=sarah
DISTRIB_DESCRIPTION="Linux Mint 18 Sarah"

uname:Linux 4.4.0-21-generic #37-Ubuntu SMP Mon Apr 18 18:33:37 UTC 2016 x86_64
libc:glibc 2.23 NPTL 2.23 
rlimit: STACK 8192k, CORE 0k, NPROC 62831, NOFILE 65536, AS infinity
load average:1.18 0.60 0.40

/proc/meminfo:
MemTotal:       16125440 kB
MemFree:           92704 kB
MemAvailable:     130768 kB
Buffers:            1440 kB
Cached:           107072 kB
SwapCached:        85956 kB
Active:         13988564 kB
Inactive:        1710924 kB
Active(anon):   13960648 kB
Inactive(anon):  1683684 kB
Active(file):      27916 kB
Inactive(file):    27240 kB
Unevictable:         156 kB
Mlocked:             156 kB
SwapTotal:       2928636 kB
SwapFree:             12 kB
Dirty:               332 kB
Writeback:             0 kB
AnonPages:      15506200 kB
Mapped:           160556 kB
Shmem:             52364 kB
Slab:              87880 kB
SReclaimable:      42896 kB
SUnreclaim:        44984 kB
KernelStack:       20592 kB
PageTables:        86796 kB
NFS_Unstable:          0 kB
Bounce:                0 kB
WritebackTmp:          0 kB
CommitLimit:    10991356 kB
Committed_AS:   34916268 kB
VmallocTotal:   34359738367 kB
VmallocUsed:           0 kB
VmallocChunk:          0 kB
HardwareCorrupted:     0 kB
AnonHugePages:  10260480 kB
CmaTotal:              0 kB
CmaFree:               0 kB
HugePages_Total:       0
HugePages_Free:        0
HugePages_Rsvd:        0
HugePages_Surp:        0
Hugepagesize:       2048 kB
DirectMap4k:      278860 kB
DirectMap2M:    10944512 kB
DirectMap1G:     6291456 kB


CPU:total 4 (2 cores per cpu, 2 threads per core) family 6 model 61 stepping 4, cmov, cx8, fxsr, mmx, sse, sse2, sse3, ssse3, sse4.1, sse4.2, popcnt, avx, avx2, aes, clmul, erms, 3dnowpref, lzcnt, ht, tsc, tscinvbit, bmi1, bmi2, adx

/proc/cpuinfo:
processor	: 0
vendor_id	: GenuineIntel
cpu family	: 6
model		: 61
model name	: Intel(R) Core(TM) i5-5200U CPU @ 2.20GHz
stepping	: 4
microcode	: 0x21
cpu MHz		: 2468.382
cache size	: 3072 KB
physical id	: 0
siblings	: 4
core id		: 0
cpu cores	: 2
apicid		: 0
initial apicid	: 0
fpu		: yes
fpu_exception	: yes
cpuid level	: 20
wp		: yes
flags		: fpu vme de pse tsc msr pae mce cx8 apic sep mtrr pge mca cmov pat pse36 clflush dts acpi mmx fxsr sse sse2 ss ht tm pbe syscall nx pdpe1gb rdtscp lm constant_tsc arch_perfmon pebs bts rep_good nopl xtopology nonstop_tsc aperfmperf eagerfpu pni pclmulqdq dtes64 monitor ds_cpl vmx est tm2 ssse3 sdbg fma cx16 xtpr pdcm pcid sse4_1 sse4_2 x2apic movbe popcnt tsc_deadline_timer aes xsave avx f16c rdrand lahf_lm abm 3dnowprefetch epb intel_pt tpr_shadow vnmi flexpriority ept vpid fsgsbase tsc_adjust bmi1 avx2 smep bmi2 erms invpcid rdseed adx smap xsaveopt dtherm ida arat pln pts
bugs		:
bogomips	: 4389.66
clflush size	: 64
cache_alignment	: 64
address sizes	: 39 bits physical, 48 bits virtual
power management:

processor	: 1
vendor_id	: GenuineIntel
cpu family	: 6
model		: 61
model name	: Intel(R) Core(TM) i5-5200U CPU @ 2.20GHz
stepping	: 4
microcode	: 0x21
cpu MHz		: 2387.171
cache size	: 3072 KB
physical id	: 0
siblings	: 4
core id		: 0
cpu cores	: 2
apicid		: 1
initial apicid	: 1
fpu		: yes
fpu_exception	: yes
cpuid level	: 20
wp		: yes
flags		: fpu vme de pse tsc msr pae mce cx8 apic sep mtrr pge mca cmov pat pse36 clflush dts acpi mmx fxsr sse sse2 ss ht tm pbe syscall nx pdpe1gb rdtscp lm constant_tsc arch_perfmon pebs bts rep_good nopl xtopology nonstop_tsc aperfmperf eagerfpu pni pclmulqdq dtes64 monitor ds_cpl vmx est tm2 ssse3 sdbg fma cx16 xtpr pdcm pcid sse4_1 sse4_2 x2apic movbe popcnt tsc_deadline_timer aes xsave avx f16c rdrand lahf_lm abm 3dnowprefetch epb intel_pt tpr_shadow vnmi flexpriority ept vpid fsgsbase tsc_adjust bmi1 avx2 smep bmi2 erms invpcid rdseed adx smap xsaveopt dtherm ida arat pln pts
bugs		:
bogomips	: 4389.66
clflush size	: 64
cache_alignment	: 64
address sizes	: 39 bits physical, 48 bits virtual
power management:

processor	: 2
vendor_id	: GenuineIntel
cpu family	: 6
model		: 61
model name	: Intel(R) Core(TM) i5-5200U CPU @ 2.20GHz
stepping	: 4
microcode	: 0x21
cpu MHz		: 2248.210
cache size	: 3072 KB
physical id	: 0
siblings	: 4
core id		: 1
cpu cores	: 2
apicid		: 2
initial apicid	: 2
fpu		: yes
fpu_exception	: yes
cpuid level	: 20
wp		: yes
flags		: fpu vme de pse tsc msr pae mce cx8 apic sep mtrr pge mca cmov pat pse36 clflush dts acpi mmx fxsr sse sse2 ss ht tm pbe syscall nx pdpe1gb rdtscp lm constant_tsc arch_perfmon pebs bts rep_good nopl xtopology nonstop_tsc aperfmperf eagerfpu pni pclmulqdq dtes64 monitor ds_cpl vmx est tm2 ssse3 sdbg fma cx16 xtpr pdcm pcid sse4_1 sse4_2 x2apic movbe popcnt tsc_deadline_timer aes xsave avx f16c rdrand lahf_lm abm 3dnowprefetch epb intel_pt tpr_shadow vnmi flexpriority ept vpid fsgsbase tsc_adjust bmi1 avx2 smep bmi2 erms invpcid rdseed adx smap xsaveopt dtherm ida arat pln pts
bugs		:
bogomips	: 4389.66
clflush size	: 64
cache_alignment	: 64
address sizes	: 39 bits physical, 48 bits virtual
power management:

processor	: 3
vendor_id	: GenuineIntel
cpu family	: 6
model		: 61
model name	: Intel(R) Core(TM) i5-5200U CPU @ 2.20GHz
stepping	: 4
microcode	: 0x21
cpu MHz		: 2499.406
cache size	: 3072 KB
physical id	: 0
siblings	: 4
core id		: 1
cpu cores	: 2
apicid		: 3
initial apicid	: 3
fpu		: yes
fpu_exception	: yes
cpuid level	: 20
wp		: yes
flags		: fpu vme de pse tsc msr pae mce cx8 apic sep mtrr pge mca cmov pat pse36 clflush dts acpi mmx fxsr sse sse2 ss ht tm pbe syscall nx pdpe1gb rdtscp lm constant_tsc arch_perfmon pebs bts rep_good nopl xtopology nonstop_tsc aperfmperf eagerfpu pni pclmulqdq dtes64 monitor ds_cpl vmx est tm2 ssse3 sdbg fma cx16 xtpr pdcm pcid sse4_1 sse4_2 x2apic movbe popcnt tsc_deadline_timer aes xsave avx f16c rdrand lahf_lm abm 3dnowprefetch epb intel_pt tpr_shadow vnmi flexpriority ept vpid fsgsbase tsc_adjust bmi1 avx2 smep bmi2 erms invpcid rdseed adx smap xsaveopt dtherm ida arat pln pts
bugs		:
bogomips	: 4389.66
clflush size	: 64
cache_alignment	: 64
address sizes	: 39 bits physical, 48 bits virtual
power management:



Memory: 4k page, physical 16125440k(92704k free), swap 2928636k(12k free)

vm_info: Java HotSpot(TM) 64-Bit Server VM (25.101-b13) for linux-amd64 JRE (1.8.0_101-b13), built on Jun 22 2016 02:59:44 by "java_re" with gcc 4.3.0 20080428 (Red Hat 4.3.0-8)

time: Wed Nov  9 03:35:20 2016
elapsed time: 26 seconds (0d 0h 0m 26s)

