#
# There is insufficient memory for the Java Runtime Environment to continue.
# Native memory allocation (mmap) failed to map 321388544 bytes for committing reserved memory.
# Possible reasons:
#   The system is out of physical RAM or swap space
#   In 32 bit mode, the process size limit was hit
# Possible solutions:
#   Reduce memory load on the system
#   Increase physical memory or swap space
#   Check if swap backing store is full
#   Use 64 bit Java on a 64 bit OS
#   Decrease Java heap size (-Xmx/-Xms)
#   Decrease number of Java threads
#   Decrease Java thread stack sizes (-Xss)
#   Set larger code cache with -XX:ReservedCodeCacheSize=
# This output file may be truncated or incomplete.
#
#  Out of Memory Error (os_linux.cpp:2627), pid=22383, tid=0x00007f3a42f17700
#
# JRE version: Java(TM) SE Runtime Environment (8.0_101-b13) (build 1.8.0_101-b13)
# Java VM: Java HotSpot(TM) 64-Bit Server VM (25.101-b13 mixed mode linux-amd64 compressed oops)
# Failed to write core dump. Core dumps have been disabled. To enable core dumping, try "ulimit -c unlimited" before starting Java again
#

---------------  T H R E A D  ---------------

Current thread (0x00007f3a58077800):  VMThread [stack: 0x00007f3a42e17000,0x00007f3a42f18000] [id=22393]

Stack: [0x00007f3a42e17000,0x00007f3a42f18000],  sp=0x00007f3a42f16220,  free space=1020k
Native frames: (J=compiled Java code, j=interpreted, Vv=VM code, C=native code)
V  [libjvm.so+0xac3f0a]  VMError::report_and_die()+0x2ba
V  [libjvm.so+0x4fbf9b]  report_vm_out_of_memory(char const*, int, unsigned long, VMErrorType, char const*)+0x8b
V  [libjvm.so+0x9222d3]  os::Linux::commit_memory_impl(char*, unsigned long, bool)+0x103
V  [libjvm.so+0x922829]  os::pd_commit_memory(char*, unsigned long, unsigned long, bool)+0x29
V  [libjvm.so+0x91cb2a]  os::commit_memory(char*, unsigned long, unsigned long, bool)+0x2a
V  [libjvm.so+0x991053]  PSVirtualSpace::expand_by(unsigned long)+0x53
V  [libjvm.so+0x981920]  PSOldGen::expand(unsigned long)+0x170
V  [libjvm.so+0x981b2b]  PSOldGen::resize(unsigned long)+0x1cb
V  [libjvm.so+0x989821]  PSParallelCompact::invoke_no_policy(bool)+0x991
V  [libjvm.so+0x98f17d]  PSScavenge::invoke()+0x1ad
V  [libjvm.so+0x945fc0]  ParallelScavengeHeap::failed_mem_allocate(unsigned long)+0x70
V  [libjvm.so+0xac5927]  VM_ParallelGCFailedAllocation::doit()+0x97
V  [libjvm.so+0xacd405]  VM_Operation::evaluate()+0x55
V  [libjvm.so+0xacb7da]  VMThread::evaluate_operation(VM_Operation*)+0xba
V  [libjvm.so+0xacbb5e]  VMThread::loop()+0x1ce
V  [libjvm.so+0xacbfd0]  VMThread::run()+0x70
V  [libjvm.so+0x924698]  java_start(Thread*)+0x108

VM_Operation (0x00007f3a5e3f1620): ParallelGCFailedAllocation, mode: safepoint, requested by thread 0x00007f3a58009800


---------------  P R O C E S S  ---------------

Java Threads: ( => current thread )
  0x00007f3a580e7000 JavaThread "Service Thread" daemon [_thread_blocked, id=22400, stack(0x00007f3a422c8000,0x00007f3a423c9000)]
  0x00007f3a580e4000 JavaThread "C1 CompilerThread2" daemon [_thread_blocked, id=22399, stack(0x00007f3a423c9000,0x00007f3a424ca000)]
  0x00007f3a580d2800 JavaThread "C2 CompilerThread1" daemon [_thread_blocked, id=22398, stack(0x00007f3a424ca000,0x00007f3a425cb000)]
  0x00007f3a580cf800 JavaThread "C2 CompilerThread0" daemon [_thread_blocked, id=22397, stack(0x00007f3a425cb000,0x00007f3a426cc000)]
  0x00007f3a580c5800 JavaThread "Signal Dispatcher" daemon [_thread_blocked, id=22396, stack(0x00007f3a426cc000,0x00007f3a427cd000)]
  0x00007f3a58083800 JavaThread "Finalizer" daemon [_thread_blocked, id=22395, stack(0x00007f3a42c15000,0x00007f3a42d16000)]
  0x00007f3a5807f000 JavaThread "Reference Handler" daemon [_thread_blocked, id=22394, stack(0x00007f3a42d16000,0x00007f3a42e17000)]
  0x00007f3a58009800 JavaThread "main" [_thread_blocked, id=22388, stack(0x00007f3a5e2f2000,0x00007f3a5e3f3000)]

Other Threads:
=>0x00007f3a58077800 VMThread [stack: 0x00007f3a42e17000,0x00007f3a42f18000] [id=22393]
  0x00007f3a580ec000 WatcherThread [stack: 0x00007f3a421c7000,0x00007f3a422c8000] [id=22401]

VM state:at safepoint (normal execution)

VM Mutex/Monitor currently owned by a thread:  ([mutex/lock_event])
[0x00007f3a58005830] ExpandHeap_lock - owner thread: 0x00007f3a58077800
[0x00007f3a58005eb0] Threads_lock - owner thread: 0x00007f3a58077800
[0x00007f3a580063b0] Heap_lock - owner thread: 0x00007f3a58009800

Heap:
 PSYoungGen      total 633856K, used 0K [0x000000076df80000, 0x00000007a6500000, 0x00000007c0000000)
  eden space 451072K, 0% used [0x000000076df80000,0x000000076df80000,0x0000000789800000)
  from space 182784K, 0% used [0x0000000789800000,0x0000000789800000,0x0000000794a80000)
  to   space 185344K, 0% used [0x000000079b000000,0x000000079b000000,0x00000007a6500000)
 ParOldGen       total 542720K, used 539579K [0x00000006c9e00000, 0x00000006eb000000, 0x000000076df80000)
  object space 542720K, 99% used [0x00000006c9e00000,0x00000006eaceec58,0x00000006eb000000)
 Metaspace       used 3441K, capacity 4566K, committed 4864K, reserved 1056768K
  class space    used 386K, capacity 390K, committed 512K, reserved 1048576K

Card table byte_map: [0x00007f3a5cad8000,0x00007f3a5d28a000] byte_map_base: 0x00007f3a59489000

Marking Bits: (ParMarkBitMap*) 0x00007f3a5f6bd120
 Begin Bits: [0x00007f3a244f0000, 0x00007f3a28278000)
 End Bits:   [0x00007f3a28278000, 0x00007f3a2c000000)

Polling page: 0x00007f3a5f718000

CodeCache: size=245760Kb used=1703Kb max_used=1716Kb free=244056Kb
 bounds [0x00007f3a49000000, 0x00007f3a49270000, 0x00007f3a58000000]
 total_blobs=468 nmethods=220 adapters=162
 compilation: enabled

Compilation events (10 events):
Event: 8.074 Thread 0x00007f3a580e4000  216       3       MCTSThread::next (141 bytes)
Event: 8.075 Thread 0x00007f3a580e4000 nmethod 216 0x00007f3a4919fe50 code [0x00007f3a491a0140, 0x00007f3a491a15a8]
Event: 8.581 Thread 0x00007f3a580cf800  217 %     4       MCTSThread::backpropagate @ 3 (32 bytes)
Event: 8.582 Thread 0x00007f3a580cf800 nmethod 217% 0x00007f3a49180d50 code [0x00007f3a49180ea0, 0x00007f3a49180fb8]
Event: 8.751 Thread 0x00007f3a580e4000  218 %     3       MCTSThread::next @ 6 (141 bytes)
Event: 8.752 Thread 0x00007f3a580e4000 nmethod 218% 0x00007f3a49177b10 code [0x00007f3a49177d20, 0x00007f3a49178408]
Event: 10.334 Thread 0x00007f3a580d2800  219       4       java.util.HashMap$Node::<init> (26 bytes)
Event: 10.334 Thread 0x00007f3a580d2800 nmethod 219 0x00007f3a49181290 code [0x00007f3a491813e0, 0x00007f3a49181478]
Event: 11.974 Thread 0x00007f3a580cf800  220 %     4       MCTSThread::next @ 6 (141 bytes)
Event: 11.985 Thread 0x00007f3a580cf800 nmethod 220% 0x00007f3a491afa50 code [0x00007f3a491afc60, 0x00007f3a491b0400]

GC Heap History (10 events):
Event: 8.484 GC heap after
Heap after GC invocations=9 (full 1):
 PSYoungGen      total 448000K, used 65760K [0x000000076df80000, 0x0000000795980000, 0x00000007c0000000)
  eden space 381952K, 0% used [0x000000076df80000,0x000000076df80000,0x0000000785480000)
  from space 66048K, 99% used [0x0000000791900000,0x0000000795938000,0x0000000795980000)
  to   space 91648K, 0% used [0x000000078a680000,0x000000078a680000,0x0000000790000000)
 ParOldGen       total 312320K, used 169311K [0x00000006c9e00000, 0x00000006dcf00000, 0x000000076df80000)
  object space 312320K, 54% used [0x00000006c9e00000,0x00000006d4357ec0,0x00000006dcf00000)
 Metaspace       used 3441K, capacity 4566K, committed 4864K, reserved 1056768K
  class space    used 386K, capacity 390K, committed 512K, reserved 1048576K
}
Event: 10.612 GC heap before
{Heap before GC invocations=10 (full 1):
 PSYoungGen      total 448000K, used 447712K [0x000000076df80000, 0x0000000795980000, 0x00000007c0000000)
  eden space 381952K, 100% used [0x000000076df80000,0x0000000785480000,0x0000000785480000)
  from space 66048K, 99% used [0x0000000791900000,0x0000000795938000,0x0000000795980000)
  to   space 91648K, 0% used [0x000000078a680000,0x000000078a680000,0x0000000790000000)
 ParOldGen       total 312320K, used 169311K [0x00000006c9e00000, 0x00000006dcf00000, 0x000000076df80000)
  object space 312320K, 54% used [0x00000006c9e00000,0x00000006d4357ec0,0x00000006dcf00000)
 Metaspace       used 3441K, capacity 4566K, committed 4864K, reserved 1056768K
  class space    used 386K, capacity 390K, committed 512K, reserved 1048576K
Event: 10.817 GC heap after
Heap after GC invocations=10 (full 1):
 PSYoungGen      total 557568K, used 91642K [0x000000076df80000, 0x000000079ce00000, 0x00000007c0000000)
  eden space 465920K, 0% used [0x000000076df80000,0x000000076df80000,0x000000078a680000)
  from space 91648K, 99% used [0x000000078a680000,0x000000078fffe9a0,0x0000000790000000)
  to   space 134656K, 0% used [0x0000000794a80000,0x0000000794a80000,0x000000079ce00000)
 ParOldGen       total 312320K, used 241290K [0x00000006c9e00000, 0x00000006dcf00000, 0x000000076df80000)
  object space 312320K, 77% used [0x00000006c9e00000,0x00000006d89a2880,0x00000006dcf00000)
 Metaspace       used 3441K, capacity 4566K, committed 4864K, reserved 1056768K
  class space    used 386K, capacity 390K, committed 512K, reserved 1048576K
}
Event: 14.092 GC heap before
{Heap before GC invocations=11 (full 1):
 PSYoungGen      total 557568K, used 557562K [0x000000076df80000, 0x000000079ce00000, 0x00000007c0000000)
  eden space 465920K, 100% used [0x000000076df80000,0x000000078a680000,0x000000078a680000)
  from space 91648K, 99% used [0x000000078a680000,0x000000078fffe9a0,0x0000000790000000)
  to   space 134656K, 0% used [0x0000000794a80000,0x0000000794a80000,0x000000079ce00000)
 ParOldGen       total 312320K, used 241290K [0x00000006c9e00000, 0x00000006dcf00000, 0x000000076df80000)
  object space 312320K, 77% used [0x00000006c9e00000,0x00000006d89a2880,0x00000006dcf00000)
 Metaspace       used 3441K, capacity 4566K, committed 4864K, reserved 1056768K
  class space    used 386K, capacity 390K, committed 512K, reserved 1048576K
Event: 14.335 GC heap after
Heap after GC invocations=11 (full 1):
 PSYoungGen      total 585728K, used 134642K [0x000000076df80000, 0x00000007a8f00000, 0x00000007c0000000)
  eden space 451072K, 0% used [0x000000076df80000,0x000000076df80000,0x0000000789800000)
  from space 134656K, 99% used [0x0000000794a80000,0x000000079cdfca30,0x000000079ce00000)
  to   space 182784K, 0% used [0x0000000789800000,0x0000000789800000,0x0000000794a80000)
 ParOldGen       total 314368K, used 314325K [0x00000006c9e00000, 0x00000006dd100000, 0x000000076df80000)
  object space 314368K, 99% used [0x00000006c9e00000,0x00000006dd0f5578,0x00000006dd100000)
 Metaspace       used 3441K, capacity 4566K, committed 4864K, reserved 1056768K
  class space    used 386K, capacity 390K, committed 512K, reserved 1048576K
}
Event: 14.335 GC heap before
{Heap before GC invocations=12 (full 2):
 PSYoungGen      total 585728K, used 134642K [0x000000076df80000, 0x00000007a8f00000, 0x00000007c0000000)
  eden space 451072K, 0% used [0x000000076df80000,0x000000076df80000,0x0000000789800000)
  from space 134656K, 99% used [0x0000000794a80000,0x000000079cdfca30,0x000000079ce00000)
  to   space 182784K, 0% used [0x0000000789800000,0x0000000789800000,0x0000000794a80000)
 ParOldGen       total 314368K, used 314325K [0x00000006c9e00000, 0x00000006dd100000, 0x000000076df80000)
  object space 314368K, 99% used [0x00000006c9e00000,0x00000006dd0f5578,0x00000006dd100000)
 Metaspace       used 3441K, capacity 4566K, committed 4864K, reserved 1056768K
  class space    used 386K, capacity 390K, committed 512K, reserved 1048576K
Event: 16.208 GC heap after
Heap after GC invocations=12 (full 2):
 PSYoungGen      total 585728K, used 120189K [0x000000076df80000, 0x00000007a8f00000, 0x00000007c0000000)
  eden space 451072K, 0% used [0x000000076df80000,0x000000076df80000,0x0000000789800000)
  from space 134656K, 89% used [0x0000000794a80000,0x000000079bfdf6b8,0x000000079ce00000)
  to   space 182784K, 0% used [0x0000000789800000,0x0000000789800000,0x0000000794a80000)
 ParOldGen       total 542720K, used 314305K [0x00000006c9e00000, 0x00000006eb000000, 0x000000076df80000)
  object space 542720K, 57% used [0x00000006c9e00000,0x00000006dd0f06d0,0x00000006eb000000)
 Metaspace       used 3441K, capacity 4566K, committed 4864K, reserved 1056768K
  class space    used 386K, capacity 390K, committed 512K, reserved 1048576K
}
Event: 20.187 GC heap before
{Heap before GC invocations=13 (full 2):
 PSYoungGen      total 585728K, used 571261K [0x000000076df80000, 0x00000007a8f00000, 0x00000007c0000000)
  eden space 451072K, 100% used [0x000000076df80000,0x0000000789800000,0x0000000789800000)
  from space 134656K, 89% used [0x0000000794a80000,0x000000079bfdf6b8,0x000000079ce00000)
  to   space 182784K, 0% used [0x0000000789800000,0x0000000789800000,0x0000000794a80000)
 ParOldGen       total 542720K, used 314305K [0x00000006c9e00000, 0x00000006eb000000, 0x000000076df80000)
  object space 542720K, 57% used [0x00000006c9e00000,0x00000006dd0f06d0,0x00000006eb000000)
 Metaspace       used 3441K, capacity 4566K, committed 4864K, reserved 1056768K
  class space    used 386K, capacity 390K, committed 512K, reserved 1048576K
Event: 20.551 GC heap after
Heap after GC invocations=13 (full 2):
 PSYoungGen      total 633856K, used 108559K [0x000000076df80000, 0x00000007a6500000, 0x00000007c0000000)
  eden space 451072K, 0% used [0x000000076df80000,0x000000076df80000,0x0000000789800000)
  from space 182784K, 59% used [0x0000000789800000,0x0000000790203d48,0x0000000794a80000)
  to   space 185344K, 0% used [0x000000079b000000,0x000000079b000000,0x00000007a6500000)
 ParOldGen       total 542720K, used 432927K [0x00000006c9e00000, 0x00000006eb000000, 0x000000076df80000)
  object space 542720K, 79% used [0x00000006c9e00000,0x00000006e44c7e70,0x00000006eb000000)
 Metaspace       used 3441K, capacity 4566K, committed 4864K, reserved 1056768K
  class space    used 386K, capacity 390K, committed 512K, reserved 1048576K
}
Event: 20.551 GC heap before
{Heap before GC invocations=14 (full 3):
 PSYoungGen      total 633856K, used 108559K [0x000000076df80000, 0x00000007a6500000, 0x00000007c0000000)
  eden space 451072K, 0% used [0x000000076df80000,0x000000076df80000,0x0000000789800000)
  from space 182784K, 59% used [0x0000000789800000,0x0000000790203d48,0x0000000794a80000)
  to   space 185344K, 0% used [0x000000079b000000,0x000000079b000000,0x00000007a6500000)
 ParOldGen       total 542720K, used 432927K [0x00000006c9e00000, 0x00000006eb000000, 0x000000076df80000)
  object space 542720K, 79% used [0x00000006c9e00000,0x00000006e44c7e70,0x00000006eb000000)
 Metaspace       used 3441K, capacity 4566K, committed 4864K, reserved 1056768K
  class space    used 386K, capacity 390K, committed 512K, reserved 1048576K

Deoptimization events (8 events):
Event: 3.544 Thread 0x00007f3a58009800 Uncommon trap: reason=unstable_if action=reinterpret pc=0x00007f3a4912fbe4 method=ChessBoard.checkWin(LChessBoard;LChessType;IIIIII)Z @ 27
Event: 3.581 Thread 0x00007f3a58009800 Uncommon trap: reason=unstable_if action=reinterpret pc=0x00007f3a49144318 method=ChessBoard.checkWin(LChessBoard;LChessType;IIIIII)Z @ 22
Event: 3.587 Thread 0x00007f3a58009800 Uncommon trap: reason=unstable_if action=reinterpret pc=0x00007f3a491500d8 method=ChessBoard.isWin(LChessBoard;LChessType;Ljava/awt/Point;)Z @ 68
Event: 4.111 Thread 0x00007f3a58009800 Uncommon trap: reason=unstable_if action=reinterpret pc=0x00007f3a49160774 method=ChessBoard.isWin(LChessBoard;LChessType;Ljava/awt/Point;)Z @ 101
Event: 4.176 Thread 0x00007f3a58009800 Uncommon trap: reason=unstable_if action=reinterpret pc=0x00007f3a4915bc34 method=java.util.HashMap.putVal(ILjava/lang/Object;Ljava/lang/Object;ZZ)Ljava/lang/Object; @ 162
Event: 4.177 Thread 0x00007f3a58009800 Uncommon trap: reason=unstable_if action=reinterpret pc=0x00007f3a49188850 method=java.util.HashMap.getNode(ILjava/lang/Object;)Ljava/util/HashMap$Node; @ 84
Event: 4.177 Thread 0x00007f3a58009800 Uncommon trap: reason=unstable_if action=reinterpret pc=0x00007f3a4917002c method=java.util.HashMap.getNode(ILjava/lang/Object;)Ljava/util/HashMap$Node; @ 84
Event: 4.863 Thread 0x00007f3a58009800 Uncommon trap: reason=unstable_if action=reinterpret pc=0x00007f3a491586dc method=java.util.HashMap.putVal(ILjava/lang/Object;Ljava/lang/Object;ZZ)Ljava/lang/Object; @ 162

Internal exceptions (6 events):
Event: 0.039 Thread 0x00007f3a58009800 Exception <a 'java/lang/NoSuchMethodError': Method sun.misc.Unsafe.defineClass(Ljava/lang/String;[BII)Ljava/lang/Class; name or signature does not match> (0x000000076df87cc0) thrown at [/HUDSON3/workspace/8-2-build-linux-amd64/jdk8u101/7261/hotspot/src/sh
Event: 0.040 Thread 0x00007f3a58009800 Exception <a 'java/lang/NoSuchMethodError': Method sun.misc.Unsafe.prefetchRead(Ljava/lang/Object;J)V name or signature does not match> (0x000000076df87fa8) thrown at [/HUDSON3/workspace/8-2-build-linux-amd64/jdk8u101/7261/hotspot/src/share/vm/prims/jni.c
Event: 0.158 Thread 0x00007f3a58009800 Exception <a 'java/security/PrivilegedActionException'> (0x000000076e054b78) thrown at [/HUDSON3/workspace/8-2-build-linux-amd64/jdk8u101/7261/hotspot/src/share/vm/prims/jvm.cpp, line 1386]
Event: 0.158 Thread 0x00007f3a58009800 Exception <a 'java/security/PrivilegedActionException'> (0x000000076e054f70) thrown at [/HUDSON3/workspace/8-2-build-linux-amd64/jdk8u101/7261/hotspot/src/share/vm/prims/jvm.cpp, line 1386]
Event: 0.159 Thread 0x00007f3a58009800 Exception <a 'java/security/PrivilegedActionException'> (0x000000076e057398) thrown at [/HUDSON3/workspace/8-2-build-linux-amd64/jdk8u101/7261/hotspot/src/share/vm/prims/jvm.cpp, line 1386]
Event: 0.159 Thread 0x00007f3a58009800 Exception <a 'java/security/PrivilegedActionException'> (0x000000076e057790) thrown at [/HUDSON3/workspace/8-2-build-linux-amd64/jdk8u101/7261/hotspot/src/share/vm/prims/jvm.cpp, line 1386]

Events (10 events):
Event: 8.484 Executing VM operation: ParallelGCFailedAllocation done
Event: 8.741 Thread 0x00007f3a58009800 DEOPT PACKING pc=0x00007f3a491a3728 sp=0x00007f3a5e3f17a0
Event: 8.741 Thread 0x00007f3a58009800 DEOPT UNPACKING pc=0x00007f3a49047633 sp=0x00007f3a5e3f14e0 mode 0
Event: 10.612 Executing VM operation: ParallelGCFailedAllocation
Event: 10.817 Executing VM operation: ParallelGCFailedAllocation done
Event: 12.867 Thread 0x00007f3a58009800 DEOPT PACKING pc=0x00007f3a4917826c sp=0x00007f3a5e3f17e0
Event: 12.867 Thread 0x00007f3a58009800 DEOPT UNPACKING pc=0x00007f3a49047633 sp=0x00007f3a5e3f1548 mode 0
Event: 14.092 Executing VM operation: ParallelGCFailedAllocation
Event: 16.208 Executing VM operation: ParallelGCFailedAllocation done
Event: 20.187 Executing VM operation: ParallelGCFailedAllocation


Dynamic libraries:
00400000-00401000 r-xp 00000000 08:13 402850                             /usr/lib/jdk1.8.0_101/bin/java
00600000-00602000 rw-p 00000000 08:13 402850                             /usr/lib/jdk1.8.0_101/bin/java
012ee000-0130f000 rw-p 00000000 00:00 0                                  [heap]
6c9e00000-6eb000000 rw-p 00000000 00:00 0 
6fe280000-76df80000 ---p 00000000 00:00 0 
76df80000-7a6500000 rw-p 00000000 00:00 0 
7a6500000-7c0000000 ---p 00000000 00:00 0 
7c0000000-7c0080000 rw-p 00000000 00:00 0 
7c0080000-800000000 ---p 00000000 00:00 0 
39ec400000-39ec426000 r-xp 00000000 08:12 397104                         /lib/x86_64-linux-gnu/ld-2.23.so
39ec625000-39ec626000 r--p 00025000 08:12 397104                         /lib/x86_64-linux-gnu/ld-2.23.so
39ec626000-39ec627000 rw-p 00026000 08:12 397104                         /lib/x86_64-linux-gnu/ld-2.23.so
39ec627000-39ec628000 rw-p 00000000 00:00 0 
39ec800000-39ec9c0000 r-xp 00000000 08:12 397158                         /lib/x86_64-linux-gnu/libc-2.23.so
39ec9c0000-39ecbbf000 ---p 001c0000 08:12 397158                         /lib/x86_64-linux-gnu/libc-2.23.so
39ecbbf000-39ecbc3000 r--p 001bf000 08:12 397158                         /lib/x86_64-linux-gnu/libc-2.23.so
39ecbc3000-39ecbc5000 rw-p 001c3000 08:12 397158                         /lib/x86_64-linux-gnu/libc-2.23.so
39ecbc5000-39ecbc9000 rw-p 00000000 00:00 0 
39ecc00000-39ecc03000 r-xp 00000000 08:12 397162                         /lib/x86_64-linux-gnu/libdl-2.23.so
39ecc03000-39ece02000 ---p 00003000 08:12 397162                         /lib/x86_64-linux-gnu/libdl-2.23.so
39ece02000-39ece03000 r--p 00002000 08:12 397162                         /lib/x86_64-linux-gnu/libdl-2.23.so
39ece03000-39ece04000 rw-p 00003000 08:12 397162                         /lib/x86_64-linux-gnu/libdl-2.23.so
39ed000000-39ed018000 r-xp 00000000 08:12 397159                         /lib/x86_64-linux-gnu/libpthread-2.23.so
39ed018000-39ed217000 ---p 00018000 08:12 397159                         /lib/x86_64-linux-gnu/libpthread-2.23.so
39ed217000-39ed218000 r--p 00017000 08:12 397159                         /lib/x86_64-linux-gnu/libpthread-2.23.so
39ed218000-39ed219000 rw-p 00018000 08:12 397159                         /lib/x86_64-linux-gnu/libpthread-2.23.so
39ed219000-39ed21d000 rw-p 00000000 00:00 0 
39ed400000-39ed415000 r-xp 00000000 08:13 392549                         /usr/lib/jdk1.8.0_101/lib/amd64/jli/libjli.so
39ed415000-39ed615000 ---p 00015000 08:13 392549                         /usr/lib/jdk1.8.0_101/lib/amd64/jli/libjli.so
39ed615000-39ed616000 rw-p 00015000 08:13 392549                         /usr/lib/jdk1.8.0_101/lib/amd64/jli/libjli.so
39ef000000-39ef007000 r-xp 00000000 08:12 396950                         /lib/x86_64-linux-gnu/librt-2.23.so
39ef007000-39ef206000 ---p 00007000 08:12 396950                         /lib/x86_64-linux-gnu/librt-2.23.so
39ef206000-39ef207000 r--p 00006000 08:12 396950                         /lib/x86_64-linux-gnu/librt-2.23.so
39ef207000-39ef208000 rw-p 00007000 08:12 396950                         /lib/x86_64-linux-gnu/librt-2.23.so
3a07600000-3a07616000 r-xp 00000000 08:12 397176                         /lib/x86_64-linux-gnu/libnsl-2.23.so
3a07616000-3a07815000 ---p 00016000 08:12 397176                         /lib/x86_64-linux-gnu/libnsl-2.23.so
3a07815000-3a07816000 r--p 00015000 08:12 397176                         /lib/x86_64-linux-gnu/libnsl-2.23.so
3a07816000-3a07817000 rw-p 00016000 08:12 397176                         /lib/x86_64-linux-gnu/libnsl-2.23.so
3a07817000-3a07819000 rw-p 00000000 00:00 0 
7f3a00000000-7f3a00021000 rw-p 00000000 00:00 0 
7f3a00021000-7f3a04000000 ---p 00000000 00:00 0 
7f3a08000000-7f3a0810d000 rw-p 00000000 00:00 0 
7f3a0810d000-7f3a0c000000 ---p 00000000 00:00 0 
7f3a0c000000-7f3a0c021000 rw-p 00000000 00:00 0 
7f3a0c021000-7f3a10000000 ---p 00000000 00:00 0 
7f3a10000000-7f3a1063d000 rw-p 00000000 00:00 0 
7f3a1063d000-7f3a14000000 ---p 00000000 00:00 0 
7f3a14000000-7f3a14601000 rw-p 00000000 00:00 0 
7f3a14601000-7f3a18000000 ---p 00000000 00:00 0 
7f3a18000000-7f3a18021000 rw-p 00000000 00:00 0 
7f3a18021000-7f3a1c000000 ---p 00000000 00:00 0 
7f3a1c000000-7f3a1c021000 rw-p 00000000 00:00 0 
7f3a1c021000-7f3a20000000 ---p 00000000 00:00 0 
7f3a20000000-7f3a20021000 rw-p 00000000 00:00 0 
7f3a20021000-7f3a24000000 ---p 00000000 00:00 0 
7f3a244f0000-7f3a2c000000 rw-p 00000000 00:00 0 
7f3a2c000000-7f3a2c021000 rw-p 00000000 00:00 0 
7f3a2c021000-7f3a30000000 ---p 00000000 00:00 0 
7f3a30000000-7f3a3028f000 rw-p 00000000 00:00 0 
7f3a3028f000-7f3a34000000 ---p 00000000 00:00 0 
7f3a34000000-7f3a34021000 rw-p 00000000 00:00 0 
7f3a34021000-7f3a38000000 ---p 00000000 00:00 0 
7f3a3c000000-7f3a3c021000 rw-p 00000000 00:00 0 
7f3a3c021000-7f3a40000000 ---p 00000000 00:00 0 
7f3a421c7000-7f3a421c8000 ---p 00000000 00:00 0 
7f3a421c8000-7f3a422c8000 rw-p 00000000 00:00 0 
7f3a422c8000-7f3a422cb000 ---p 00000000 00:00 0 
7f3a422cb000-7f3a423c9000 rw-p 00000000 00:00 0 
7f3a423c9000-7f3a423cc000 ---p 00000000 00:00 0 
7f3a423cc000-7f3a424ca000 rw-p 00000000 00:00 0 
7f3a424ca000-7f3a424cd000 ---p 00000000 00:00 0 
7f3a424cd000-7f3a425cb000 rw-p 00000000 00:00 0 
7f3a425cb000-7f3a425ce000 ---p 00000000 00:00 0 
7f3a425ce000-7f3a426cc000 rw-p 00000000 00:00 0 
7f3a426cc000-7f3a426cf000 ---p 00000000 00:00 0 
7f3a426cf000-7f3a427cd000 rw-p 00000000 00:00 0 
7f3a427cd000-7f3a42c15000 r--p 00000000 08:13 397185                     /usr/lib/locale/locale-archive
7f3a42c15000-7f3a42c18000 ---p 00000000 00:00 0 
7f3a42c18000-7f3a42d16000 rw-p 00000000 00:00 0 
7f3a42d16000-7f3a42d19000 ---p 00000000 00:00 0 
7f3a42d19000-7f3a42e17000 rw-p 00000000 00:00 0 
7f3a42e17000-7f3a42e18000 ---p 00000000 00:00 0 
7f3a42e18000-7f3a43e27000 rw-p 00000000 00:00 0 
7f3a43e27000-7f3a44000000 r--s 03d29000 08:13 427413                     /usr/lib/jdk1.8.0_101/jre/lib/rt.jar
7f3a44000000-7f3a44021000 rw-p 00000000 00:00 0 
7f3a44021000-7f3a48000000 ---p 00000000 00:00 0 
7f3a48008000-7f3a4800d000 r--s 002f9000 08:13 427405                     /usr/lib/jdk1.8.0_101/jre/lib/charsets.jar
7f3a4800d000-7f3a4848f000 rw-p 00000000 00:00 0 
7f3a4848f000-7f3a4884f000 ---p 00000000 00:00 0 
7f3a4884f000-7f3a49000000 rw-p 00000000 00:00 0 
7f3a49000000-7f3a49270000 rwxp 00000000 00:00 0 
7f3a49270000-7f3a58000000 ---p 00000000 00:00 0 
7f3a58000000-7f3a583cd000 rw-p 00000000 00:00 0 
7f3a583cd000-7f3a5c000000 ---p 00000000 00:00 0 
7f3a5c004000-7f3a5c1b3000 rw-p 00000000 00:00 0 
7f3a5c1b3000-7f3a5c1b4000 ---p 00000000 00:00 0 
7f3a5c1b4000-7f3a5c2b4000 rw-p 00000000 00:00 0 
7f3a5c2b4000-7f3a5c2b5000 ---p 00000000 00:00 0 
7f3a5c2b5000-7f3a5c3b5000 rw-p 00000000 00:00 0 
7f3a5c3b5000-7f3a5c3b6000 ---p 00000000 00:00 0 
7f3a5c3b6000-7f3a5c4b6000 rw-p 00000000 00:00 0 
7f3a5c4b6000-7f3a5c4b7000 ---p 00000000 00:00 0 
7f3a5c4b7000-7f3a5c6c0000 rw-p 00000000 00:00 0 
7f3a5c6c0000-7f3a5cad8000 ---p 00000000 00:00 0 
7f3a5cad8000-7f3a5cbe1000 rw-p 00000000 00:00 0 
7f3a5cbe1000-7f3a5cff8000 ---p 00000000 00:00 0 
7f3a5cff8000-7f3a5d1bc000 rw-p 00000000 00:00 0 
7f3a5d1bc000-7f3a5d289000 ---p 00000000 00:00 0 
7f3a5d289000-7f3a5d294000 rw-p 00000000 00:00 0 
7f3a5d294000-7f3a5d64a000 ---p 00000000 00:00 0 
7f3a5d64a000-7f3a5d664000 r-xp 00000000 08:13 427442                     /usr/lib/jdk1.8.0_101/jre/lib/amd64/libzip.so
7f3a5d664000-7f3a5d864000 ---p 0001a000 08:13 427442                     /usr/lib/jdk1.8.0_101/jre/lib/amd64/libzip.so
7f3a5d864000-7f3a5d865000 rw-p 0001a000 08:13 427442                     /usr/lib/jdk1.8.0_101/jre/lib/amd64/libzip.so
7f3a5d865000-7f3a5d870000 r-xp 00000000 08:12 397487                     /lib/x86_64-linux-gnu/libnss_files-2.23.so
7f3a5d870000-7f3a5da6f000 ---p 0000b000 08:12 397487                     /lib/x86_64-linux-gnu/libnss_files-2.23.so
7f3a5da6f000-7f3a5da70000 r--p 0000a000 08:12 397487                     /lib/x86_64-linux-gnu/libnss_files-2.23.so
7f3a5da70000-7f3a5da71000 rw-p 0000b000 08:12 397487                     /lib/x86_64-linux-gnu/libnss_files-2.23.so
7f3a5da71000-7f3a5da77000 rw-p 00000000 00:00 0 
7f3a5da77000-7f3a5da82000 r-xp 00000000 08:12 397497                     /lib/x86_64-linux-gnu/libnss_nis-2.23.so
7f3a5da82000-7f3a5dc81000 ---p 0000b000 08:12 397497                     /lib/x86_64-linux-gnu/libnss_nis-2.23.so
7f3a5dc81000-7f3a5dc82000 r--p 0000a000 08:12 397497                     /lib/x86_64-linux-gnu/libnss_nis-2.23.so
7f3a5dc82000-7f3a5dc83000 rw-p 0000b000 08:12 397497                     /lib/x86_64-linux-gnu/libnss_nis-2.23.so
7f3a5dc83000-7f3a5dc8b000 r-xp 00000000 08:12 397483                     /lib/x86_64-linux-gnu/libnss_compat-2.23.so
7f3a5dc8b000-7f3a5de8a000 ---p 00008000 08:12 397483                     /lib/x86_64-linux-gnu/libnss_compat-2.23.so
7f3a5de8a000-7f3a5de8b000 r--p 00007000 08:12 397483                     /lib/x86_64-linux-gnu/libnss_compat-2.23.so
7f3a5de8b000-7f3a5de8c000 rw-p 00008000 08:12 397483                     /lib/x86_64-linux-gnu/libnss_compat-2.23.so
7f3a5de8f000-7f3a5deb7000 rw-p 00000000 00:00 0 
7f3a5deb7000-7f3a5dee1000 r-xp 00000000 08:13 427468                     /usr/lib/jdk1.8.0_101/jre/lib/amd64/libjava.so
7f3a5dee1000-7f3a5e0e1000 ---p 0002a000 08:13 427468                     /usr/lib/jdk1.8.0_101/jre/lib/amd64/libjava.so
7f3a5e0e1000-7f3a5e0e3000 rw-p 0002a000 08:13 427468                     /usr/lib/jdk1.8.0_101/jre/lib/amd64/libjava.so
7f3a5e0e3000-7f3a5e0f0000 r-xp 00000000 08:13 427422                     /usr/lib/jdk1.8.0_101/jre/lib/amd64/libverify.so
7f3a5e0f0000-7f3a5e2f0000 ---p 0000d000 08:13 427422                     /usr/lib/jdk1.8.0_101/jre/lib/amd64/libverify.so
7f3a5e2f0000-7f3a5e2f2000 rw-p 0000d000 08:13 427422                     /usr/lib/jdk1.8.0_101/jre/lib/amd64/libverify.so
7f3a5e2f2000-7f3a5e2f5000 ---p 00000000 00:00 0 
7f3a5e2f5000-7f3a5e3f3000 rw-p 00000000 00:00 0 
7f3a5e3f3000-7f3a5e4fb000 r-xp 00000000 08:12 397166                     /lib/x86_64-linux-gnu/libm-2.23.so
7f3a5e4fb000-7f3a5e6fa000 ---p 00108000 08:12 397166                     /lib/x86_64-linux-gnu/libm-2.23.so
7f3a5e6fa000-7f3a5e6fb000 r--p 00107000 08:12 397166                     /lib/x86_64-linux-gnu/libm-2.23.so
7f3a5e6fb000-7f3a5e6fc000 rw-p 00108000 08:12 397166                     /lib/x86_64-linux-gnu/libm-2.23.so
7f3a5e6fc000-7f3a5f3c7000 r-xp 00000000 08:13 427472                     /usr/lib/jdk1.8.0_101/jre/lib/amd64/server/libjvm.so
7f3a5f3c7000-7f3a5f5c6000 ---p 00ccb000 08:13 427472                     /usr/lib/jdk1.8.0_101/jre/lib/amd64/server/libjvm.so
7f3a5f5c6000-7f3a5f69f000 rw-p 00cca000 08:13 427472                     /usr/lib/jdk1.8.0_101/jre/lib/amd64/server/libjvm.so
7f3a5f69f000-7f3a5f70f000 rw-p 00000000 00:00 0 
7f3a5f70f000-7f3a5f717000 rw-s 00000000 08:17 54                         /tmp/hsperfdata_fongxuan/22383
7f3a5f717000-7f3a5f718000 rw-p 00000000 00:00 0 
7f3a5f718000-7f3a5f719000 ---p 00000000 00:00 0 
7f3a5f719000-7f3a5f71b000 rw-p 00000000 00:00 0 
7ffc5e3db000-7ffc5e3fc000 rw-p 00000000 00:00 0                          [stack]
7ffc5e3fc000-7ffc5e3fe000 r--p 00000000 00:00 0                          [vvar]
7ffc5e3fe000-7ffc5e400000 r-xp 00000000 00:00 0                          [vdso]
ffffffffff600000-ffffffffff601000 r-xp 00000000 00:00 0                  [vsyscall]

VM Arguments:
jvm_args: -Dfile.encoding=MS950 
java_command: Main
java_class_path (initial): /home/fongxuan/Documents/CodeProjects/workspace/heheheGiveMeFive/MCST_FiveInARow/bin
Launcher Type: SUN_STANDARD

Environment Variables:
JAVA_HOME=/usr/lib/jdk1.8.0_101
JRE_HOME=/usr/lib/jdk1.8.0_101/jre
CLASSPATH=:.:/usr/lib/jdk1.8.0_101/lib:/usr/lib/jdk1.8.0_101/jre/lib
PATH=/usr/lib/jdk1.8.0_101/bin:/usr/lib/jdk1.8.0_101/jre/bin:/usr/local/sbin:/usr/local/bin:/usr/sbin:/usr/bin:/sbin:/bin:/usr/games:/usr/local/games
USERNAME=fongxuan
SHELL=/bin/bash
DISPLAY=:0

Signal Handlers:
SIGSEGV: [libjvm.so+0xac4790], sa_mask[0]=11111111011111111101111111111110, sa_flags=SA_RESTART|SA_SIGINFO
SIGBUS: [libjvm.so+0xac4790], sa_mask[0]=11111111011111111101111111111110, sa_flags=SA_RESTART|SA_SIGINFO
SIGFPE: [libjvm.so+0x91f140], sa_mask[0]=11111111011111111101111111111110, sa_flags=SA_RESTART|SA_SIGINFO
SIGPIPE: [libjvm.so+0x91f140], sa_mask[0]=11111111011111111101111111111110, sa_flags=SA_RESTART|SA_SIGINFO
SIGXFSZ: [libjvm.so+0x91f140], sa_mask[0]=11111111011111111101111111111110, sa_flags=SA_RESTART|SA_SIGINFO
SIGILL: [libjvm.so+0x91f140], sa_mask[0]=11111111011111111101111111111110, sa_flags=SA_RESTART|SA_SIGINFO
SIGUSR1: SIG_DFL, sa_mask[0]=00000000000000000000000000000000, sa_flags=none
SIGUSR2: [libjvm.so+0x920770], sa_mask[0]=00100000000000000000000000000000, sa_flags=SA_RESTART|SA_SIGINFO
SIGHUP: [libjvm.so+0x921b70], sa_mask[0]=11111111011111111101111111111110, sa_flags=SA_RESTART|SA_SIGINFO
SIGINT: [libjvm.so+0x921b70], sa_mask[0]=11111111011111111101111111111110, sa_flags=SA_RESTART|SA_SIGINFO
SIGTERM: [libjvm.so+0x921b70], sa_mask[0]=11111111011111111101111111111110, sa_flags=SA_RESTART|SA_SIGINFO
SIGQUIT: [libjvm.so+0x921b70], sa_mask[0]=11111111011111111101111111111110, sa_flags=SA_RESTART|SA_SIGINFO


---------------  S Y S T E M  ---------------

OS:DISTRIB_ID=LinuxMint
DISTRIB_RELEASE=18
DISTRIB_CODENAME=sarah
DISTRIB_DESCRIPTION="Linux Mint 18 Sarah"

uname:Linux 4.4.0-21-generic #37-Ubuntu SMP Mon Apr 18 18:33:37 UTC 2016 x86_64
libc:glibc 2.23 NPTL 2.23 
rlimit: STACK 8192k, CORE 0k, NPROC 62831, NOFILE 65536, AS infinity
load average:1.14 0.65 0.42

/proc/meminfo:
MemTotal:       16125440 kB
MemFree:           95456 kB
MemAvailable:     126724 kB
Buffers:             428 kB
Cached:           100816 kB
SwapCached:        84816 kB
Active:         13989548 kB
Inactive:        1708684 kB
Active(anon):   13965448 kB
Inactive(anon):  1684340 kB
Active(file):      24100 kB
Inactive(file):    24344 kB
Unevictable:         156 kB
Mlocked:             156 kB
SwapTotal:       2928636 kB
SwapFree:              0 kB
Dirty:               348 kB
Writeback:             0 kB
AnonPages:      15513048 kB
Mapped:           153624 kB
Shmem:             52100 kB
Slab:              87660 kB
SReclaimable:      42812 kB
SUnreclaim:        44848 kB
KernelStack:       20464 kB
PageTables:        86072 kB
NFS_Unstable:          0 kB
Bounce:                0 kB
WritebackTmp:          0 kB
CommitLimit:    10991356 kB
Committed_AS:   34791560 kB
VmallocTotal:   34359738367 kB
VmallocUsed:           0 kB
VmallocChunk:          0 kB
HardwareCorrupted:     0 kB
AnonHugePages:  10987520 kB
CmaTotal:              0 kB
CmaFree:               0 kB
HugePages_Total:       0
HugePages_Free:        0
HugePages_Rsvd:        0
HugePages_Surp:        0
Hugepagesize:       2048 kB
DirectMap4k:      278860 kB
DirectMap2M:    10944512 kB
DirectMap1G:     6291456 kB


CPU:total 4 (2 cores per cpu, 2 threads per core) family 6 model 61 stepping 4, cmov, cx8, fxsr, mmx, sse, sse2, sse3, ssse3, sse4.1, sse4.2, popcnt, avx, avx2, aes, clmul, erms, 3dnowpref, lzcnt, ht, tsc, tscinvbit, bmi1, bmi2, adx

/proc/cpuinfo:
processor	: 0
vendor_id	: GenuineIntel
cpu family	: 6
model		: 61
model name	: Intel(R) Core(TM) i5-5200U CPU @ 2.20GHz
stepping	: 4
microcode	: 0x21
cpu MHz		: 2186.593
cache size	: 3072 KB
physical id	: 0
siblings	: 4
core id		: 0
cpu cores	: 2
apicid		: 0
initial apicid	: 0
fpu		: yes
fpu_exception	: yes
cpuid level	: 20
wp		: yes
flags		: fpu vme de pse tsc msr pae mce cx8 apic sep mtrr pge mca cmov pat pse36 clflush dts acpi mmx fxsr sse sse2 ss ht tm pbe syscall nx pdpe1gb rdtscp lm constant_tsc arch_perfmon pebs bts rep_good nopl xtopology nonstop_tsc aperfmperf eagerfpu pni pclmulqdq dtes64 monitor ds_cpl vmx est tm2 ssse3 sdbg fma cx16 xtpr pdcm pcid sse4_1 sse4_2 x2apic movbe popcnt tsc_deadline_timer aes xsave avx f16c rdrand lahf_lm abm 3dnowprefetch epb intel_pt tpr_shadow vnmi flexpriority ept vpid fsgsbase tsc_adjust bmi1 avx2 smep bmi2 erms invpcid rdseed adx smap xsaveopt dtherm ida arat pln pts
bugs		:
bogomips	: 4389.66
clflush size	: 64
cache_alignment	: 64
address sizes	: 39 bits physical, 48 bits virtual
power management:

processor	: 1
vendor_id	: GenuineIntel
cpu family	: 6
model		: 61
model name	: Intel(R) Core(TM) i5-5200U CPU @ 2.20GHz
stepping	: 4
microcode	: 0x21
cpu MHz		: 2316.789
cache size	: 3072 KB
physical id	: 0
siblings	: 4
core id		: 0
cpu cores	: 2
apicid		: 1
initial apicid	: 1
fpu		: yes
fpu_exception	: yes
cpuid level	: 20
wp		: yes
flags		: fpu vme de pse tsc msr pae mce cx8 apic sep mtrr pge mca cmov pat pse36 clflush dts acpi mmx fxsr sse sse2 ss ht tm pbe syscall nx pdpe1gb rdtscp lm constant_tsc arch_perfmon pebs bts rep_good nopl xtopology nonstop_tsc aperfmperf eagerfpu pni pclmulqdq dtes64 monitor ds_cpl vmx est tm2 ssse3 sdbg fma cx16 xtpr pdcm pcid sse4_1 sse4_2 x2apic movbe popcnt tsc_deadline_timer aes xsave avx f16c rdrand lahf_lm abm 3dnowprefetch epb intel_pt tpr_shadow vnmi flexpriority ept vpid fsgsbase tsc_adjust bmi1 avx2 smep bmi2 erms invpcid rdseed adx smap xsaveopt dtherm ida arat pln pts
bugs		:
bogomips	: 4389.66
clflush size	: 64
cache_alignment	: 64
address sizes	: 39 bits physical, 48 bits virtual
power management:

processor	: 2
vendor_id	: GenuineIntel
cpu family	: 6
model		: 61
model name	: Intel(R) Core(TM) i5-5200U CPU @ 2.20GHz
stepping	: 4
microcode	: 0x21
cpu MHz		: 2432.117
cache size	: 3072 KB
physical id	: 0
siblings	: 4
core id		: 1
cpu cores	: 2
apicid		: 2
initial apicid	: 2
fpu		: yes
fpu_exception	: yes
cpuid level	: 20
wp		: yes
flags		: fpu vme de pse tsc msr pae mce cx8 apic sep mtrr pge mca cmov pat pse36 clflush dts acpi mmx fxsr sse sse2 ss ht tm pbe syscall nx pdpe1gb rdtscp lm constant_tsc arch_perfmon pebs bts rep_good nopl xtopology nonstop_tsc aperfmperf eagerfpu pni pclmulqdq dtes64 monitor ds_cpl vmx est tm2 ssse3 sdbg fma cx16 xtpr pdcm pcid sse4_1 sse4_2 x2apic movbe popcnt tsc_deadline_timer aes xsave avx f16c rdrand lahf_lm abm 3dnowprefetch epb intel_pt tpr_shadow vnmi flexpriority ept vpid fsgsbase tsc_adjust bmi1 avx2 smep bmi2 erms invpcid rdseed adx smap xsaveopt dtherm ida arat pln pts
bugs		:
bogomips	: 4389.66
clflush size	: 64
cache_alignment	: 64
address sizes	: 39 bits physical, 48 bits virtual
power management:

processor	: 3
vendor_id	: GenuineIntel
cpu family	: 6
model		: 61
model name	: Intel(R) Core(TM) i5-5200U CPU @ 2.20GHz
stepping	: 4
microcode	: 0x21
cpu MHz		: 2481.960
cache size	: 3072 KB
physical id	: 0
siblings	: 4
core id		: 1
cpu cores	: 2
apicid		: 3
initial apicid	: 3
fpu		: yes
fpu_exception	: yes
cpuid level	: 20
wp		: yes
flags		: fpu vme de pse tsc msr pae mce cx8 apic sep mtrr pge mca cmov pat pse36 clflush dts acpi mmx fxsr sse sse2 ss ht tm pbe syscall nx pdpe1gb rdtscp lm constant_tsc arch_perfmon pebs bts rep_good nopl xtopology nonstop_tsc aperfmperf eagerfpu pni pclmulqdq dtes64 monitor ds_cpl vmx est tm2 ssse3 sdbg fma cx16 xtpr pdcm pcid sse4_1 sse4_2 x2apic movbe popcnt tsc_deadline_timer aes xsave avx f16c rdrand lahf_lm abm 3dnowprefetch epb intel_pt tpr_shadow vnmi flexpriority ept vpid fsgsbase tsc_adjust bmi1 avx2 smep bmi2 erms invpcid rdseed adx smap xsaveopt dtherm ida arat pln pts
bugs		:
bogomips	: 4389.66
clflush size	: 64
cache_alignment	: 64
address sizes	: 39 bits physical, 48 bits virtual
power management:



Memory: 4k page, physical 16125440k(95456k free), swap 2928636k(0k free)

vm_info: Java HotSpot(TM) 64-Bit Server VM (25.101-b13) for linux-amd64 JRE (1.8.0_101-b13), built on Jun 22 2016 02:59:44 by "java_re" with gcc 4.3.0 20080428 (Red Hat 4.3.0-8)

time: Wed Nov  9 03:35:57 2016
elapsed time: 22 seconds (0d 0h 0m 22s)

